The system is: Linux - 5.15.90.1-microsoft-standard-WSL2 - x86_64
Compiling the C compiler identification source file "CMakeCCompilerId.c" succeeded.
Compiler: /home/padfoot/.nix-profile/bin/cc 
Build flags: 
Id flags:  

The output was:
0


Compilation of the C compiler identification source "CMakeCCompilerId.c" produced "a.out"

The C compiler identification is GNU, found in "/home/padfoot/projects/karatsuba/cmake/CMakeFiles/3.25.3/CompilerIdC/a.out"

Compiling the CXX compiler identification source file "CMakeCXXCompilerId.cpp" succeeded.
Compiler: /home/padfoot/.nix-profile/bin/c++ 
Build flags: 
Id flags:  

The output was:
0


Compilation of the CXX compiler identification source "CMakeCXXCompilerId.cpp" produced "a.out"

The CXX compiler identification is GNU, found in "/home/padfoot/projects/karatsuba/cmake/CMakeFiles/3.25.3/CompilerIdCXX/a.out"

Detecting C compiler ABI info compiled with the following output:
Change Dir: /home/padfoot/projects/karatsuba/cmake/CMakeFiles/CMakeScratch/TryCompile-W09YWJ

Run Build Command(s):/home/padfoot/.nix-profile/bin/make -f Makefile cmTC_926e9/fast && /home/padfoot/.nix-profile/bin/make  -f CMakeFiles/cmTC_926e9.dir/build.make CMakeFiles/cmTC_926e9.dir/build
make[1]: Entering directory '/home/padfoot/projects/karatsuba/cmake/CMakeFiles/CMakeScratch/TryCompile-W09YWJ'
Building C object CMakeFiles/cmTC_926e9.dir/CMakeCCompilerABI.c.o
/home/padfoot/.nix-profile/bin/cc   -v -o CMakeFiles/cmTC_926e9.dir/CMakeCCompilerABI.c.o -c /nix/store/bnmxyb30n6b5fq1gj3f4jzwxf7z8b4ls-cmake-3.25.3/share/cmake-3.25/Modules/CMakeCCompilerABI.c
Using built-in specs.
COLLECT_GCC=/nix/store/2vwipws2crqcjxfzjyq9rjpk61iqf7pf-gcc-12.3.0/bin/gcc
Target: x86_64-unknown-linux-gnu
Configured with: 
Thread model: posix
Supported LTO compression algorithms: zlib
gcc version 12.3.0 (GCC) 
COLLECT_GCC_OPTIONS='-v' '-o' 'CMakeFiles/cmTC_926e9.dir/CMakeCCompilerABI.c.o' '-c' '-B' '/nix/store/flf14c3ibr83jsa070j25hg5gjapydhl-glibc-2.37-8/lib/' '-idirafter' '/nix/store/i29k9pvl90385mpsavifqvm4rag684dn-glibc-2.37-8-dev/include' '-idirafter' '/nix/store/2vwipws2crqcjxfzjyq9rjpk61iqf7pf-gcc-12.3.0/lib/gcc/x86_64-unknown-linux-gnu/12.3.0/include-fixed' '-B' '/nix/store/n7pvb7gdf1g6dvj7sl92i882qjl4kyx9-gcc-12.3.0-lib/lib' '-B' '/nix/store/frxg2hvacachpkv3ywdpmfl5pl2yg5y6-gcc-wrapper-12.3.0/bin/' '-mtune=generic' '-march=x86-64' '-dumpdir' 'CMakeFiles/cmTC_926e9.dir/'
 /nix/store/2vwipws2crqcjxfzjyq9rjpk61iqf7pf-gcc-12.3.0/libexec/gcc/x86_64-unknown-linux-gnu/12.3.0/cc1 -quiet -v -idirafter /nix/store/i29k9pvl90385mpsavifqvm4rag684dn-glibc-2.37-8-dev/include -idirafter /nix/store/2vwipws2crqcjxfzjyq9rjpk61iqf7pf-gcc-12.3.0/lib/gcc/x86_64-unknown-linux-gnu/12.3.0/include-fixed /nix/store/bnmxyb30n6b5fq1gj3f4jzwxf7z8b4ls-cmake-3.25.3/share/cmake-3.25/Modules/CMakeCCompilerABI.c -quiet -dumpdir CMakeFiles/cmTC_926e9.dir/ -dumpbase CMakeCCompilerABI.c.c -dumpbase-ext .c -mtune=generic -march=x86-64 -version -o /tmp/ccfVN46z.s
GNU C17 (GCC) version 12.3.0 (x86_64-unknown-linux-gnu)
	compiled by GNU C version 12.3.0, GMP version 6.2.1, MPFR version 4.2.0, MPC version 1.3.1, isl version isl-0.20-GMP

GGC heuristics: --param ggc-min-expand=100 --param ggc-min-heapsize=131072
ignoring nonexistent directory "/nix/store/2vwipws2crqcjxfzjyq9rjpk61iqf7pf-gcc-12.3.0/lib/gcc/x86_64-unknown-linux-gnu/12.3.0/../../../../x86_64-unknown-linux-gnu/include"
ignoring duplicate directory "/nix/store/i29k9pvl90385mpsavifqvm4rag684dn-glibc-2.37-8-dev/include"
ignoring duplicate directory "/nix/store/2vwipws2crqcjxfzjyq9rjpk61iqf7pf-gcc-12.3.0/lib/gcc/x86_64-unknown-linux-gnu/12.3.0/include-fixed"
#include "..." search starts here:
#include <...> search starts here:
 /nix/store/2vwipws2crqcjxfzjyq9rjpk61iqf7pf-gcc-12.3.0/lib/gcc/x86_64-unknown-linux-gnu/12.3.0/include
 /nix/store/2vwipws2crqcjxfzjyq9rjpk61iqf7pf-gcc-12.3.0/include
 /nix/store/2vwipws2crqcjxfzjyq9rjpk61iqf7pf-gcc-12.3.0/lib/gcc/x86_64-unknown-linux-gnu/12.3.0/include-fixed
 /nix/store/i29k9pvl90385mpsavifqvm4rag684dn-glibc-2.37-8-dev/include
End of search list.
GNU C17 (GCC) version 12.3.0 (x86_64-unknown-linux-gnu)
	compiled by GNU C version 12.3.0, GMP version 6.2.1, MPFR version 4.2.0, MPC version 1.3.1, isl version isl-0.20-GMP

GGC heuristics: --param ggc-min-expand=100 --param ggc-min-heapsize=131072
Compiler executable checksum: ac82746bdc3f3dee0f7117f013670d72
COLLECT_GCC_OPTIONS='-v' '-o' 'CMakeFiles/cmTC_926e9.dir/CMakeCCompilerABI.c.o' '-c' '-B' '/nix/store/flf14c3ibr83jsa070j25hg5gjapydhl-glibc-2.37-8/lib/' '-idirafter' '/nix/store/i29k9pvl90385mpsavifqvm4rag684dn-glibc-2.37-8-dev/include' '-idirafter' '/nix/store/2vwipws2crqcjxfzjyq9rjpk61iqf7pf-gcc-12.3.0/lib/gcc/x86_64-unknown-linux-gnu/12.3.0/include-fixed' '-B' '/nix/store/n7pvb7gdf1g6dvj7sl92i882qjl4kyx9-gcc-12.3.0-lib/lib' '-B' '/nix/store/frxg2hvacachpkv3ywdpmfl5pl2yg5y6-gcc-wrapper-12.3.0/bin/' '-mtune=generic' '-march=x86-64' '-dumpdir' 'CMakeFiles/cmTC_926e9.dir/'
 /nix/store/frxg2hvacachpkv3ywdpmfl5pl2yg5y6-gcc-wrapper-12.3.0/bin/as -v --64 -o CMakeFiles/cmTC_926e9.dir/CMakeCCompilerABI.c.o /tmp/ccfVN46z.s
GNU assembler version 2.40 (x86_64-unknown-linux-gnu) using BFD version (GNU Binutils) 2.40
COMPILER_PATH=/nix/store/flf14c3ibr83jsa070j25hg5gjapydhl-glibc-2.37-8/lib/:/nix/store/n7pvb7gdf1g6dvj7sl92i882qjl4kyx9-gcc-12.3.0-lib/lib/:/nix/store/frxg2hvacachpkv3ywdpmfl5pl2yg5y6-gcc-wrapper-12.3.0/bin/:/nix/store/2vwipws2crqcjxfzjyq9rjpk61iqf7pf-gcc-12.3.0/libexec/gcc/x86_64-unknown-linux-gnu/12.3.0/:/nix/store/2vwipws2crqcjxfzjyq9rjpk61iqf7pf-gcc-12.3.0/libexec/gcc/x86_64-unknown-linux-gnu/12.3.0/:/nix/store/2vwipws2crqcjxfzjyq9rjpk61iqf7pf-gcc-12.3.0/libexec/gcc/x86_64-unknown-linux-gnu/:/nix/store/2vwipws2crqcjxfzjyq9rjpk61iqf7pf-gcc-12.3.0/lib/gcc/x86_64-unknown-linux-gnu/12.3.0/:/nix/store/2vwipws2crqcjxfzjyq9rjpk61iqf7pf-gcc-12.3.0/lib/gcc/x86_64-unknown-linux-gnu/
LIBRARY_PATH=/nix/store/flf14c3ibr83jsa070j25hg5gjapydhl-glibc-2.37-8/lib/:/nix/store/n7pvb7gdf1g6dvj7sl92i882qjl4kyx9-gcc-12.3.0-lib/lib/:/nix/store/frxg2hvacachpkv3ywdpmfl5pl2yg5y6-gcc-wrapper-12.3.0/bin/:/nix/store/2vwipws2crqcjxfzjyq9rjpk61iqf7pf-gcc-12.3.0/lib/gcc/x86_64-unknown-linux-gnu/12.3.0/:/nix/store/2vwipws2crqcjxfzjyq9rjpk61iqf7pf-gcc-12.3.0/lib/gcc/x86_64-unknown-linux-gnu/12.3.0/../../../../lib64/:/nix/store/2vwipws2crqcjxfzjyq9rjpk61iqf7pf-gcc-12.3.0/lib/gcc/x86_64-unknown-linux-gnu/12.3.0/../../../
COLLECT_GCC_OPTIONS='-v' '-o' 'CMakeFiles/cmTC_926e9.dir/CMakeCCompilerABI.c.o' '-c' '-B' '/nix/store/flf14c3ibr83jsa070j25hg5gjapydhl-glibc-2.37-8/lib/' '-idirafter' '/nix/store/i29k9pvl90385mpsavifqvm4rag684dn-glibc-2.37-8-dev/include' '-idirafter' '/nix/store/2vwipws2crqcjxfzjyq9rjpk61iqf7pf-gcc-12.3.0/lib/gcc/x86_64-unknown-linux-gnu/12.3.0/include-fixed' '-B' '/nix/store/n7pvb7gdf1g6dvj7sl92i882qjl4kyx9-gcc-12.3.0-lib/lib' '-B' '/nix/store/frxg2hvacachpkv3ywdpmfl5pl2yg5y6-gcc-wrapper-12.3.0/bin/' '-mtune=generic' '-march=x86-64' '-dumpdir' 'CMakeFiles/cmTC_926e9.dir/CMakeCCompilerABI.c.'
Linking C executable cmTC_926e9
/nix/store/bnmxyb30n6b5fq1gj3f4jzwxf7z8b4ls-cmake-3.25.3/bin/cmake -E cmake_link_script CMakeFiles/cmTC_926e9.dir/link.txt --verbose=1
/home/padfoot/.nix-profile/bin/cc  -v CMakeFiles/cmTC_926e9.dir/CMakeCCompilerABI.c.o -o cmTC_926e9 
Using built-in specs.
COLLECT_GCC=/nix/store/2vwipws2crqcjxfzjyq9rjpk61iqf7pf-gcc-12.3.0/bin/gcc
COLLECT_LTO_WRAPPER=/nix/store/2vwipws2crqcjxfzjyq9rjpk61iqf7pf-gcc-12.3.0/libexec/gcc/x86_64-unknown-linux-gnu/12.3.0/lto-wrapper
Target: x86_64-unknown-linux-gnu
Configured with: 
Thread model: posix
Supported LTO compression algorithms: zlib
gcc version 12.3.0 (GCC) 
COMPILER_PATH=/nix/store/flf14c3ibr83jsa070j25hg5gjapydhl-glibc-2.37-8/lib/:/nix/store/n7pvb7gdf1g6dvj7sl92i882qjl4kyx9-gcc-12.3.0-lib/lib/:/nix/store/frxg2hvacachpkv3ywdpmfl5pl2yg5y6-gcc-wrapper-12.3.0/bin/:/nix/store/2vwipws2crqcjxfzjyq9rjpk61iqf7pf-gcc-12.3.0/libexec/gcc/x86_64-unknown-linux-gnu/12.3.0/:/nix/store/2vwipws2crqcjxfzjyq9rjpk61iqf7pf-gcc-12.3.0/libexec/gcc/x86_64-unknown-linux-gnu/12.3.0/:/nix/store/2vwipws2crqcjxfzjyq9rjpk61iqf7pf-gcc-12.3.0/libexec/gcc/x86_64-unknown-linux-gnu/:/nix/store/2vwipws2crqcjxfzjyq9rjpk61iqf7pf-gcc-12.3.0/lib/gcc/x86_64-unknown-linux-gnu/12.3.0/:/nix/store/2vwipws2crqcjxfzjyq9rjpk61iqf7pf-gcc-12.3.0/lib/gcc/x86_64-unknown-linux-gnu/
LIBRARY_PATH=/nix/store/flf14c3ibr83jsa070j25hg5gjapydhl-glibc-2.37-8/lib/:/nix/store/n7pvb7gdf1g6dvj7sl92i882qjl4kyx9-gcc-12.3.0-lib/lib/:/nix/store/frxg2hvacachpkv3ywdpmfl5pl2yg5y6-gcc-wrapper-12.3.0/bin/:/nix/store/2vwipws2crqcjxfzjyq9rjpk61iqf7pf-gcc-12.3.0/lib/gcc/x86_64-unknown-linux-gnu/12.3.0/:/nix/store/2vwipws2crqcjxfzjyq9rjpk61iqf7pf-gcc-12.3.0/lib/gcc/x86_64-unknown-linux-gnu/12.3.0/../../../../lib64/:/nix/store/2vwipws2crqcjxfzjyq9rjpk61iqf7pf-gcc-12.3.0/lib/gcc/x86_64-unknown-linux-gnu/12.3.0/../../../
COLLECT_GCC_OPTIONS='-v' '-o' 'cmTC_926e9' '-B' '/nix/store/flf14c3ibr83jsa070j25hg5gjapydhl-glibc-2.37-8/lib/' '-idirafter' '/nix/store/i29k9pvl90385mpsavifqvm4rag684dn-glibc-2.37-8-dev/include' '-idirafter' '/nix/store/2vwipws2crqcjxfzjyq9rjpk61iqf7pf-gcc-12.3.0/lib/gcc/x86_64-unknown-linux-gnu/12.3.0/include-fixed' '-B' '/nix/store/n7pvb7gdf1g6dvj7sl92i882qjl4kyx9-gcc-12.3.0-lib/lib' '-B' '/nix/store/frxg2hvacachpkv3ywdpmfl5pl2yg5y6-gcc-wrapper-12.3.0/bin/' '-L/nix/store/flf14c3ibr83jsa070j25hg5gjapydhl-glibc-2.37-8/lib' '-L/nix/store/2vwipws2crqcjxfzjyq9rjpk61iqf7pf-gcc-12.3.0/lib/gcc/x86_64-unknown-linux-gnu/12.3.0' '-L/nix/store/n7pvb7gdf1g6dvj7sl92i882qjl4kyx9-gcc-12.3.0-lib/x86_64-unknown-linux-gnu/lib' '-L/nix/store/n7pvb7gdf1g6dvj7sl92i882qjl4kyx9-gcc-12.3.0-lib/lib' '-mtune=generic' '-march=x86-64' '-dumpdir' 'cmTC_926e9.'
 /nix/store/2vwipws2crqcjxfzjyq9rjpk61iqf7pf-gcc-12.3.0/libexec/gcc/x86_64-unknown-linux-gnu/12.3.0/collect2 -plugin /nix/store/2vwipws2crqcjxfzjyq9rjpk61iqf7pf-gcc-12.3.0/libexec/gcc/x86_64-unknown-linux-gnu/12.3.0/liblto_plugin.so -plugin-opt=/nix/store/2vwipws2crqcjxfzjyq9rjpk61iqf7pf-gcc-12.3.0/libexec/gcc/x86_64-unknown-linux-gnu/12.3.0/lto-wrapper -plugin-opt=-fresolution=/tmp/ccqZqA8h.res -plugin-opt=-pass-through=-lgcc -plugin-opt=-pass-through=-lgcc_s -plugin-opt=-pass-through=-lc -plugin-opt=-pass-through=-lgcc -plugin-opt=-pass-through=-lgcc_s --eh-frame-hdr -m elf_x86_64 -dynamic-linker /nix/store/flf14c3ibr83jsa070j25hg5gjapydhl-glibc-2.37-8/lib64/ld-linux-x86-64.so.2 -o cmTC_926e9 /nix/store/flf14c3ibr83jsa070j25hg5gjapydhl-glibc-2.37-8/lib/crt1.o /nix/store/flf14c3ibr83jsa070j25hg5gjapydhl-glibc-2.37-8/lib/crti.o /nix/store/2vwipws2crqcjxfzjyq9rjpk61iqf7pf-gcc-12.3.0/lib/gcc/x86_64-unknown-linux-gnu/12.3.0/crtbegin.o -L/nix/store/flf14c3ibr83jsa070j25hg5gjapydhl-glibc-2.37-8/lib -L/nix/store/2vwipws2crqcjxfzjyq9rjpk61iqf7pf-gcc-12.3.0/lib/gcc/x86_64-unknown-linux-gnu/12.3.0 -L/nix/store/n7pvb7gdf1g6dvj7sl92i882qjl4kyx9-gcc-12.3.0-lib/x86_64-unknown-linux-gnu/lib -L/nix/store/n7pvb7gdf1g6dvj7sl92i882qjl4kyx9-gcc-12.3.0-lib/lib -L/nix/store/flf14c3ibr83jsa070j25hg5gjapydhl-glibc-2.37-8/lib -L/nix/store/n7pvb7gdf1g6dvj7sl92i882qjl4kyx9-gcc-12.3.0-lib/lib -L/nix/store/frxg2hvacachpkv3ywdpmfl5pl2yg5y6-gcc-wrapper-12.3.0/bin -L/nix/store/2vwipws2crqcjxfzjyq9rjpk61iqf7pf-gcc-12.3.0/lib/gcc/x86_64-unknown-linux-gnu/12.3.0 -L/nix/store/2vwipws2crqcjxfzjyq9rjpk61iqf7pf-gcc-12.3.0/lib/gcc/x86_64-unknown-linux-gnu/12.3.0/../../../../lib64 -L/nix/store/2vwipws2crqcjxfzjyq9rjpk61iqf7pf-gcc-12.3.0/lib/gcc/x86_64-unknown-linux-gnu/12.3.0/../../.. -dynamic-linker=/nix/store/flf14c3ibr83jsa070j25hg5gjapydhl-glibc-2.37-8/lib/ld-linux-x86-64.so.2 CMakeFiles/cmTC_926e9.dir/CMakeCCompilerABI.c.o -lgcc --push-state --as-needed -lgcc_s --pop-state -lc -lgcc --push-state --as-needed -lgcc_s --pop-state /nix/store/2vwipws2crqcjxfzjyq9rjpk61iqf7pf-gcc-12.3.0/lib/gcc/x86_64-unknown-linux-gnu/12.3.0/crtend.o /nix/store/flf14c3ibr83jsa070j25hg5gjapydhl-glibc-2.37-8/lib/crtn.o
COLLECT_GCC_OPTIONS='-v' '-o' 'cmTC_926e9' '-B' '/nix/store/flf14c3ibr83jsa070j25hg5gjapydhl-glibc-2.37-8/lib/' '-idirafter' '/nix/store/i29k9pvl90385mpsavifqvm4rag684dn-glibc-2.37-8-dev/include' '-idirafter' '/nix/store/2vwipws2crqcjxfzjyq9rjpk61iqf7pf-gcc-12.3.0/lib/gcc/x86_64-unknown-linux-gnu/12.3.0/include-fixed' '-B' '/nix/store/n7pvb7gdf1g6dvj7sl92i882qjl4kyx9-gcc-12.3.0-lib/lib' '-B' '/nix/store/frxg2hvacachpkv3ywdpmfl5pl2yg5y6-gcc-wrapper-12.3.0/bin/' '-L/nix/store/flf14c3ibr83jsa070j25hg5gjapydhl-glibc-2.37-8/lib' '-L/nix/store/2vwipws2crqcjxfzjyq9rjpk61iqf7pf-gcc-12.3.0/lib/gcc/x86_64-unknown-linux-gnu/12.3.0' '-L/nix/store/n7pvb7gdf1g6dvj7sl92i882qjl4kyx9-gcc-12.3.0-lib/x86_64-unknown-linux-gnu/lib' '-L/nix/store/n7pvb7gdf1g6dvj7sl92i882qjl4kyx9-gcc-12.3.0-lib/lib' '-mtune=generic' '-march=x86-64' '-dumpdir' 'cmTC_926e9.'
make[1]: Leaving directory '/home/padfoot/projects/karatsuba/cmake/CMakeFiles/CMakeScratch/TryCompile-W09YWJ'



Parsed C implicit include dir info from above output: rv=done
  found start of include info
  found start of implicit include info
    add: [/nix/store/2vwipws2crqcjxfzjyq9rjpk61iqf7pf-gcc-12.3.0/lib/gcc/x86_64-unknown-linux-gnu/12.3.0/include]
    add: [/nix/store/2vwipws2crqcjxfzjyq9rjpk61iqf7pf-gcc-12.3.0/include]
    add: [/nix/store/2vwipws2crqcjxfzjyq9rjpk61iqf7pf-gcc-12.3.0/lib/gcc/x86_64-unknown-linux-gnu/12.3.0/include-fixed]
    add: [/nix/store/i29k9pvl90385mpsavifqvm4rag684dn-glibc-2.37-8-dev/include]
  end of search list found
  collapse include dir [/nix/store/2vwipws2crqcjxfzjyq9rjpk61iqf7pf-gcc-12.3.0/lib/gcc/x86_64-unknown-linux-gnu/12.3.0/include] ==> [/nix/store/2vwipws2crqcjxfzjyq9rjpk61iqf7pf-gcc-12.3.0/lib/gcc/x86_64-unknown-linux-gnu/12.3.0/include]
  collapse include dir [/nix/store/2vwipws2crqcjxfzjyq9rjpk61iqf7pf-gcc-12.3.0/include] ==> [/nix/store/2vwipws2crqcjxfzjyq9rjpk61iqf7pf-gcc-12.3.0/include]
  collapse include dir [/nix/store/2vwipws2crqcjxfzjyq9rjpk61iqf7pf-gcc-12.3.0/lib/gcc/x86_64-unknown-linux-gnu/12.3.0/include-fixed] ==> [/nix/store/2vwipws2crqcjxfzjyq9rjpk61iqf7pf-gcc-12.3.0/lib/gcc/x86_64-unknown-linux-gnu/12.3.0/include-fixed]
  collapse include dir [/nix/store/i29k9pvl90385mpsavifqvm4rag684dn-glibc-2.37-8-dev/include] ==> [/nix/store/i29k9pvl90385mpsavifqvm4rag684dn-glibc-2.37-8-dev/include]
  implicit include dirs: [/nix/store/2vwipws2crqcjxfzjyq9rjpk61iqf7pf-gcc-12.3.0/lib/gcc/x86_64-unknown-linux-gnu/12.3.0/include;/nix/store/2vwipws2crqcjxfzjyq9rjpk61iqf7pf-gcc-12.3.0/include;/nix/store/2vwipws2crqcjxfzjyq9rjpk61iqf7pf-gcc-12.3.0/lib/gcc/x86_64-unknown-linux-gnu/12.3.0/include-fixed;/nix/store/i29k9pvl90385mpsavifqvm4rag684dn-glibc-2.37-8-dev/include]


Parsed C implicit link information from above output:
  link line regex: [^( *|.*[/\])(ld|CMAKE_LINK_STARTFILE-NOTFOUND|([^/\]+-)?ld|collect2)[^/\]*( |$)]
  ignore line: [Change Dir: /home/padfoot/projects/karatsuba/cmake/CMakeFiles/CMakeScratch/TryCompile-W09YWJ]
  ignore line: []
  ignore line: [Run Build Command(s):/home/padfoot/.nix-profile/bin/make -f Makefile cmTC_926e9/fast && /home/padfoot/.nix-profile/bin/make  -f CMakeFiles/cmTC_926e9.dir/build.make CMakeFiles/cmTC_926e9.dir/build]
  ignore line: [make[1]: Entering directory '/home/padfoot/projects/karatsuba/cmake/CMakeFiles/CMakeScratch/TryCompile-W09YWJ']
  ignore line: [Building C object CMakeFiles/cmTC_926e9.dir/CMakeCCompilerABI.c.o]
  ignore line: [/home/padfoot/.nix-profile/bin/cc   -v -o CMakeFiles/cmTC_926e9.dir/CMakeCCompilerABI.c.o -c /nix/store/bnmxyb30n6b5fq1gj3f4jzwxf7z8b4ls-cmake-3.25.3/share/cmake-3.25/Modules/CMakeCCompilerABI.c]
  ignore line: [Using built-in specs.]
  ignore line: [COLLECT_GCC=/nix/store/2vwipws2crqcjxfzjyq9rjpk61iqf7pf-gcc-12.3.0/bin/gcc]
  ignore line: [Target: x86_64-unknown-linux-gnu]
  ignore line: [Configured with: ]
  ignore line: [Thread model: posix]
  ignore line: [Supported LTO compression algorithms: zlib]
  ignore line: [gcc version 12.3.0 (GCC) ]
  ignore line: [COLLECT_GCC_OPTIONS='-v' '-o' 'CMakeFiles/cmTC_926e9.dir/CMakeCCompilerABI.c.o' '-c' '-B' '/nix/store/flf14c3ibr83jsa070j25hg5gjapydhl-glibc-2.37-8/lib/' '-idirafter' '/nix/store/i29k9pvl90385mpsavifqvm4rag684dn-glibc-2.37-8-dev/include' '-idirafter' '/nix/store/2vwipws2crqcjxfzjyq9rjpk61iqf7pf-gcc-12.3.0/lib/gcc/x86_64-unknown-linux-gnu/12.3.0/include-fixed' '-B' '/nix/store/n7pvb7gdf1g6dvj7sl92i882qjl4kyx9-gcc-12.3.0-lib/lib' '-B' '/nix/store/frxg2hvacachpkv3ywdpmfl5pl2yg5y6-gcc-wrapper-12.3.0/bin/' '-mtune=generic' '-march=x86-64' '-dumpdir' 'CMakeFiles/cmTC_926e9.dir/']
  ignore line: [ /nix/store/2vwipws2crqcjxfzjyq9rjpk61iqf7pf-gcc-12.3.0/libexec/gcc/x86_64-unknown-linux-gnu/12.3.0/cc1 -quiet -v -idirafter /nix/store/i29k9pvl90385mpsavifqvm4rag684dn-glibc-2.37-8-dev/include -idirafter /nix/store/2vwipws2crqcjxfzjyq9rjpk61iqf7pf-gcc-12.3.0/lib/gcc/x86_64-unknown-linux-gnu/12.3.0/include-fixed /nix/store/bnmxyb30n6b5fq1gj3f4jzwxf7z8b4ls-cmake-3.25.3/share/cmake-3.25/Modules/CMakeCCompilerABI.c -quiet -dumpdir CMakeFiles/cmTC_926e9.dir/ -dumpbase CMakeCCompilerABI.c.c -dumpbase-ext .c -mtune=generic -march=x86-64 -version -o /tmp/ccfVN46z.s]
  ignore line: [GNU C17 (GCC) version 12.3.0 (x86_64-unknown-linux-gnu)]
  ignore line: [	compiled by GNU C version 12.3.0  GMP version 6.2.1  MPFR version 4.2.0  MPC version 1.3.1  isl version isl-0.20-GMP]
  ignore line: []
  ignore line: [GGC heuristics: --param ggc-min-expand=100 --param ggc-min-heapsize=131072]
  ignore line: [ignoring nonexistent directory "/nix/store/2vwipws2crqcjxfzjyq9rjpk61iqf7pf-gcc-12.3.0/lib/gcc/x86_64-unknown-linux-gnu/12.3.0/../../../../x86_64-unknown-linux-gnu/include"]
  ignore line: [ignoring duplicate directory "/nix/store/i29k9pvl90385mpsavifqvm4rag684dn-glibc-2.37-8-dev/include"]
  ignore line: [ignoring duplicate directory "/nix/store/2vwipws2crqcjxfzjyq9rjpk61iqf7pf-gcc-12.3.0/lib/gcc/x86_64-unknown-linux-gnu/12.3.0/include-fixed"]
  ignore line: [#include "..." search starts here:]
  ignore line: [#include <...> search starts here:]
  ignore line: [ /nix/store/2vwipws2crqcjxfzjyq9rjpk61iqf7pf-gcc-12.3.0/lib/gcc/x86_64-unknown-linux-gnu/12.3.0/include]
  ignore line: [ /nix/store/2vwipws2crqcjxfzjyq9rjpk61iqf7pf-gcc-12.3.0/include]
  ignore line: [ /nix/store/2vwipws2crqcjxfzjyq9rjpk61iqf7pf-gcc-12.3.0/lib/gcc/x86_64-unknown-linux-gnu/12.3.0/include-fixed]
  ignore line: [ /nix/store/i29k9pvl90385mpsavifqvm4rag684dn-glibc-2.37-8-dev/include]
  ignore line: [End of search list.]
  ignore line: [GNU C17 (GCC) version 12.3.0 (x86_64-unknown-linux-gnu)]
  ignore line: [	compiled by GNU C version 12.3.0  GMP version 6.2.1  MPFR version 4.2.0  MPC version 1.3.1  isl version isl-0.20-GMP]
  ignore line: []
  ignore line: [GGC heuristics: --param ggc-min-expand=100 --param ggc-min-heapsize=131072]
  ignore line: [Compiler executable checksum: ac82746bdc3f3dee0f7117f013670d72]
  ignore line: [COLLECT_GCC_OPTIONS='-v' '-o' 'CMakeFiles/cmTC_926e9.dir/CMakeCCompilerABI.c.o' '-c' '-B' '/nix/store/flf14c3ibr83jsa070j25hg5gjapydhl-glibc-2.37-8/lib/' '-idirafter' '/nix/store/i29k9pvl90385mpsavifqvm4rag684dn-glibc-2.37-8-dev/include' '-idirafter' '/nix/store/2vwipws2crqcjxfzjyq9rjpk61iqf7pf-gcc-12.3.0/lib/gcc/x86_64-unknown-linux-gnu/12.3.0/include-fixed' '-B' '/nix/store/n7pvb7gdf1g6dvj7sl92i882qjl4kyx9-gcc-12.3.0-lib/lib' '-B' '/nix/store/frxg2hvacachpkv3ywdpmfl5pl2yg5y6-gcc-wrapper-12.3.0/bin/' '-mtune=generic' '-march=x86-64' '-dumpdir' 'CMakeFiles/cmTC_926e9.dir/']
  ignore line: [ /nix/store/frxg2hvacachpkv3ywdpmfl5pl2yg5y6-gcc-wrapper-12.3.0/bin/as -v --64 -o CMakeFiles/cmTC_926e9.dir/CMakeCCompilerABI.c.o /tmp/ccfVN46z.s]
  ignore line: [GNU assembler version 2.40 (x86_64-unknown-linux-gnu) using BFD version (GNU Binutils) 2.40]
  ignore line: [COMPILER_PATH=/nix/store/flf14c3ibr83jsa070j25hg5gjapydhl-glibc-2.37-8/lib/:/nix/store/n7pvb7gdf1g6dvj7sl92i882qjl4kyx9-gcc-12.3.0-lib/lib/:/nix/store/frxg2hvacachpkv3ywdpmfl5pl2yg5y6-gcc-wrapper-12.3.0/bin/:/nix/store/2vwipws2crqcjxfzjyq9rjpk61iqf7pf-gcc-12.3.0/libexec/gcc/x86_64-unknown-linux-gnu/12.3.0/:/nix/store/2vwipws2crqcjxfzjyq9rjpk61iqf7pf-gcc-12.3.0/libexec/gcc/x86_64-unknown-linux-gnu/12.3.0/:/nix/store/2vwipws2crqcjxfzjyq9rjpk61iqf7pf-gcc-12.3.0/libexec/gcc/x86_64-unknown-linux-gnu/:/nix/store/2vwipws2crqcjxfzjyq9rjpk61iqf7pf-gcc-12.3.0/lib/gcc/x86_64-unknown-linux-gnu/12.3.0/:/nix/store/2vwipws2crqcjxfzjyq9rjpk61iqf7pf-gcc-12.3.0/lib/gcc/x86_64-unknown-linux-gnu/]
  ignore line: [LIBRARY_PATH=/nix/store/flf14c3ibr83jsa070j25hg5gjapydhl-glibc-2.37-8/lib/:/nix/store/n7pvb7gdf1g6dvj7sl92i882qjl4kyx9-gcc-12.3.0-lib/lib/:/nix/store/frxg2hvacachpkv3ywdpmfl5pl2yg5y6-gcc-wrapper-12.3.0/bin/:/nix/store/2vwipws2crqcjxfzjyq9rjpk61iqf7pf-gcc-12.3.0/lib/gcc/x86_64-unknown-linux-gnu/12.3.0/:/nix/store/2vwipws2crqcjxfzjyq9rjpk61iqf7pf-gcc-12.3.0/lib/gcc/x86_64-unknown-linux-gnu/12.3.0/../../../../lib64/:/nix/store/2vwipws2crqcjxfzjyq9rjpk61iqf7pf-gcc-12.3.0/lib/gcc/x86_64-unknown-linux-gnu/12.3.0/../../../]
  ignore line: [COLLECT_GCC_OPTIONS='-v' '-o' 'CMakeFiles/cmTC_926e9.dir/CMakeCCompilerABI.c.o' '-c' '-B' '/nix/store/flf14c3ibr83jsa070j25hg5gjapydhl-glibc-2.37-8/lib/' '-idirafter' '/nix/store/i29k9pvl90385mpsavifqvm4rag684dn-glibc-2.37-8-dev/include' '-idirafter' '/nix/store/2vwipws2crqcjxfzjyq9rjpk61iqf7pf-gcc-12.3.0/lib/gcc/x86_64-unknown-linux-gnu/12.3.0/include-fixed' '-B' '/nix/store/n7pvb7gdf1g6dvj7sl92i882qjl4kyx9-gcc-12.3.0-lib/lib' '-B' '/nix/store/frxg2hvacachpkv3ywdpmfl5pl2yg5y6-gcc-wrapper-12.3.0/bin/' '-mtune=generic' '-march=x86-64' '-dumpdir' 'CMakeFiles/cmTC_926e9.dir/CMakeCCompilerABI.c.']
  ignore line: [Linking C executable cmTC_926e9]
  ignore line: [/nix/store/bnmxyb30n6b5fq1gj3f4jzwxf7z8b4ls-cmake-3.25.3/bin/cmake -E cmake_link_script CMakeFiles/cmTC_926e9.dir/link.txt --verbose=1]
  ignore line: [/home/padfoot/.nix-profile/bin/cc  -v CMakeFiles/cmTC_926e9.dir/CMakeCCompilerABI.c.o -o cmTC_926e9 ]
  ignore line: [Using built-in specs.]
  ignore line: [COLLECT_GCC=/nix/store/2vwipws2crqcjxfzjyq9rjpk61iqf7pf-gcc-12.3.0/bin/gcc]
  ignore line: [COLLECT_LTO_WRAPPER=/nix/store/2vwipws2crqcjxfzjyq9rjpk61iqf7pf-gcc-12.3.0/libexec/gcc/x86_64-unknown-linux-gnu/12.3.0/lto-wrapper]
  ignore line: [Target: x86_64-unknown-linux-gnu]
  ignore line: [Configured with: ]
  ignore line: [Thread model: posix]
  ignore line: [Supported LTO compression algorithms: zlib]
  ignore line: [gcc version 12.3.0 (GCC) ]
  ignore line: [COMPILER_PATH=/nix/store/flf14c3ibr83jsa070j25hg5gjapydhl-glibc-2.37-8/lib/:/nix/store/n7pvb7gdf1g6dvj7sl92i882qjl4kyx9-gcc-12.3.0-lib/lib/:/nix/store/frxg2hvacachpkv3ywdpmfl5pl2yg5y6-gcc-wrapper-12.3.0/bin/:/nix/store/2vwipws2crqcjxfzjyq9rjpk61iqf7pf-gcc-12.3.0/libexec/gcc/x86_64-unknown-linux-gnu/12.3.0/:/nix/store/2vwipws2crqcjxfzjyq9rjpk61iqf7pf-gcc-12.3.0/libexec/gcc/x86_64-unknown-linux-gnu/12.3.0/:/nix/store/2vwipws2crqcjxfzjyq9rjpk61iqf7pf-gcc-12.3.0/libexec/gcc/x86_64-unknown-linux-gnu/:/nix/store/2vwipws2crqcjxfzjyq9rjpk61iqf7pf-gcc-12.3.0/lib/gcc/x86_64-unknown-linux-gnu/12.3.0/:/nix/store/2vwipws2crqcjxfzjyq9rjpk61iqf7pf-gcc-12.3.0/lib/gcc/x86_64-unknown-linux-gnu/]
  ignore line: [LIBRARY_PATH=/nix/store/flf14c3ibr83jsa070j25hg5gjapydhl-glibc-2.37-8/lib/:/nix/store/n7pvb7gdf1g6dvj7sl92i882qjl4kyx9-gcc-12.3.0-lib/lib/:/nix/store/frxg2hvacachpkv3ywdpmfl5pl2yg5y6-gcc-wrapper-12.3.0/bin/:/nix/store/2vwipws2crqcjxfzjyq9rjpk61iqf7pf-gcc-12.3.0/lib/gcc/x86_64-unknown-linux-gnu/12.3.0/:/nix/store/2vwipws2crqcjxfzjyq9rjpk61iqf7pf-gcc-12.3.0/lib/gcc/x86_64-unknown-linux-gnu/12.3.0/../../../../lib64/:/nix/store/2vwipws2crqcjxfzjyq9rjpk61iqf7pf-gcc-12.3.0/lib/gcc/x86_64-unknown-linux-gnu/12.3.0/../../../]
  ignore line: [COLLECT_GCC_OPTIONS='-v' '-o' 'cmTC_926e9' '-B' '/nix/store/flf14c3ibr83jsa070j25hg5gjapydhl-glibc-2.37-8/lib/' '-idirafter' '/nix/store/i29k9pvl90385mpsavifqvm4rag684dn-glibc-2.37-8-dev/include' '-idirafter' '/nix/store/2vwipws2crqcjxfzjyq9rjpk61iqf7pf-gcc-12.3.0/lib/gcc/x86_64-unknown-linux-gnu/12.3.0/include-fixed' '-B' '/nix/store/n7pvb7gdf1g6dvj7sl92i882qjl4kyx9-gcc-12.3.0-lib/lib' '-B' '/nix/store/frxg2hvacachpkv3ywdpmfl5pl2yg5y6-gcc-wrapper-12.3.0/bin/' '-L/nix/store/flf14c3ibr83jsa070j25hg5gjapydhl-glibc-2.37-8/lib' '-L/nix/store/2vwipws2crqcjxfzjyq9rjpk61iqf7pf-gcc-12.3.0/lib/gcc/x86_64-unknown-linux-gnu/12.3.0' '-L/nix/store/n7pvb7gdf1g6dvj7sl92i882qjl4kyx9-gcc-12.3.0-lib/x86_64-unknown-linux-gnu/lib' '-L/nix/store/n7pvb7gdf1g6dvj7sl92i882qjl4kyx9-gcc-12.3.0-lib/lib' '-mtune=generic' '-march=x86-64' '-dumpdir' 'cmTC_926e9.']
  link line: [ /nix/store/2vwipws2crqcjxfzjyq9rjpk61iqf7pf-gcc-12.3.0/libexec/gcc/x86_64-unknown-linux-gnu/12.3.0/collect2 -plugin /nix/store/2vwipws2crqcjxfzjyq9rjpk61iqf7pf-gcc-12.3.0/libexec/gcc/x86_64-unknown-linux-gnu/12.3.0/liblto_plugin.so -plugin-opt=/nix/store/2vwipws2crqcjxfzjyq9rjpk61iqf7pf-gcc-12.3.0/libexec/gcc/x86_64-unknown-linux-gnu/12.3.0/lto-wrapper -plugin-opt=-fresolution=/tmp/ccqZqA8h.res -plugin-opt=-pass-through=-lgcc -plugin-opt=-pass-through=-lgcc_s -plugin-opt=-pass-through=-lc -plugin-opt=-pass-through=-lgcc -plugin-opt=-pass-through=-lgcc_s --eh-frame-hdr -m elf_x86_64 -dynamic-linker /nix/store/flf14c3ibr83jsa070j25hg5gjapydhl-glibc-2.37-8/lib64/ld-linux-x86-64.so.2 -o cmTC_926e9 /nix/store/flf14c3ibr83jsa070j25hg5gjapydhl-glibc-2.37-8/lib/crt1.o /nix/store/flf14c3ibr83jsa070j25hg5gjapydhl-glibc-2.37-8/lib/crti.o /nix/store/2vwipws2crqcjxfzjyq9rjpk61iqf7pf-gcc-12.3.0/lib/gcc/x86_64-unknown-linux-gnu/12.3.0/crtbegin.o -L/nix/store/flf14c3ibr83jsa070j25hg5gjapydhl-glibc-2.37-8/lib -L/nix/store/2vwipws2crqcjxfzjyq9rjpk61iqf7pf-gcc-12.3.0/lib/gcc/x86_64-unknown-linux-gnu/12.3.0 -L/nix/store/n7pvb7gdf1g6dvj7sl92i882qjl4kyx9-gcc-12.3.0-lib/x86_64-unknown-linux-gnu/lib -L/nix/store/n7pvb7gdf1g6dvj7sl92i882qjl4kyx9-gcc-12.3.0-lib/lib -L/nix/store/flf14c3ibr83jsa070j25hg5gjapydhl-glibc-2.37-8/lib -L/nix/store/n7pvb7gdf1g6dvj7sl92i882qjl4kyx9-gcc-12.3.0-lib/lib -L/nix/store/frxg2hvacachpkv3ywdpmfl5pl2yg5y6-gcc-wrapper-12.3.0/bin -L/nix/store/2vwipws2crqcjxfzjyq9rjpk61iqf7pf-gcc-12.3.0/lib/gcc/x86_64-unknown-linux-gnu/12.3.0 -L/nix/store/2vwipws2crqcjxfzjyq9rjpk61iqf7pf-gcc-12.3.0/lib/gcc/x86_64-unknown-linux-gnu/12.3.0/../../../../lib64 -L/nix/store/2vwipws2crqcjxfzjyq9rjpk61iqf7pf-gcc-12.3.0/lib/gcc/x86_64-unknown-linux-gnu/12.3.0/../../.. -dynamic-linker=/nix/store/flf14c3ibr83jsa070j25hg5gjapydhl-glibc-2.37-8/lib/ld-linux-x86-64.so.2 CMakeFiles/cmTC_926e9.dir/CMakeCCompilerABI.c.o -lgcc --push-state --as-needed -lgcc_s --pop-state -lc -lgcc --push-state --as-needed -lgcc_s --pop-state /nix/store/2vwipws2crqcjxfzjyq9rjpk61iqf7pf-gcc-12.3.0/lib/gcc/x86_64-unknown-linux-gnu/12.3.0/crtend.o /nix/store/flf14c3ibr83jsa070j25hg5gjapydhl-glibc-2.37-8/lib/crtn.o]
    arg [/nix/store/2vwipws2crqcjxfzjyq9rjpk61iqf7pf-gcc-12.3.0/libexec/gcc/x86_64-unknown-linux-gnu/12.3.0/collect2] ==> ignore
    arg [-plugin] ==> ignore
    arg [/nix/store/2vwipws2crqcjxfzjyq9rjpk61iqf7pf-gcc-12.3.0/libexec/gcc/x86_64-unknown-linux-gnu/12.3.0/liblto_plugin.so] ==> ignore
    arg [-plugin-opt=/nix/store/2vwipws2crqcjxfzjyq9rjpk61iqf7pf-gcc-12.3.0/libexec/gcc/x86_64-unknown-linux-gnu/12.3.0/lto-wrapper] ==> ignore
    arg [-plugin-opt=-fresolution=/tmp/ccqZqA8h.res] ==> ignore
    arg [-plugin-opt=-pass-through=-lgcc] ==> ignore
    arg [-plugin-opt=-pass-through=-lgcc_s] ==> ignore
    arg [-plugin-opt=-pass-through=-lc] ==> ignore
    arg [-plugin-opt=-pass-through=-lgcc] ==> ignore
    arg [-plugin-opt=-pass-through=-lgcc_s] ==> ignore
    arg [--eh-frame-hdr] ==> ignore
    arg [-m] ==> ignore
    arg [elf_x86_64] ==> ignore
    arg [-dynamic-linker] ==> ignore
    arg [/nix/store/flf14c3ibr83jsa070j25hg5gjapydhl-glibc-2.37-8/lib64/ld-linux-x86-64.so.2] ==> ignore
    arg [-o] ==> ignore
    arg [cmTC_926e9] ==> ignore
    arg [/nix/store/flf14c3ibr83jsa070j25hg5gjapydhl-glibc-2.37-8/lib/crt1.o] ==> obj [/nix/store/flf14c3ibr83jsa070j25hg5gjapydhl-glibc-2.37-8/lib/crt1.o]
    arg [/nix/store/flf14c3ibr83jsa070j25hg5gjapydhl-glibc-2.37-8/lib/crti.o] ==> obj [/nix/store/flf14c3ibr83jsa070j25hg5gjapydhl-glibc-2.37-8/lib/crti.o]
    arg [/nix/store/2vwipws2crqcjxfzjyq9rjpk61iqf7pf-gcc-12.3.0/lib/gcc/x86_64-unknown-linux-gnu/12.3.0/crtbegin.o] ==> obj [/nix/store/2vwipws2crqcjxfzjyq9rjpk61iqf7pf-gcc-12.3.0/lib/gcc/x86_64-unknown-linux-gnu/12.3.0/crtbegin.o]
    arg [-L/nix/store/flf14c3ibr83jsa070j25hg5gjapydhl-glibc-2.37-8/lib] ==> dir [/nix/store/flf14c3ibr83jsa070j25hg5gjapydhl-glibc-2.37-8/lib]
    arg [-L/nix/store/2vwipws2crqcjxfzjyq9rjpk61iqf7pf-gcc-12.3.0/lib/gcc/x86_64-unknown-linux-gnu/12.3.0] ==> dir [/nix/store/2vwipws2crqcjxfzjyq9rjpk61iqf7pf-gcc-12.3.0/lib/gcc/x86_64-unknown-linux-gnu/12.3.0]
    arg [-L/nix/store/n7pvb7gdf1g6dvj7sl92i882qjl4kyx9-gcc-12.3.0-lib/x86_64-unknown-linux-gnu/lib] ==> dir [/nix/store/n7pvb7gdf1g6dvj7sl92i882qjl4kyx9-gcc-12.3.0-lib/x86_64-unknown-linux-gnu/lib]
    arg [-L/nix/store/n7pvb7gdf1g6dvj7sl92i882qjl4kyx9-gcc-12.3.0-lib/lib] ==> dir [/nix/store/n7pvb7gdf1g6dvj7sl92i882qjl4kyx9-gcc-12.3.0-lib/lib]
    arg [-L/nix/store/flf14c3ibr83jsa070j25hg5gjapydhl-glibc-2.37-8/lib] ==> dir [/nix/store/flf14c3ibr83jsa070j25hg5gjapydhl-glibc-2.37-8/lib]
    arg [-L/nix/store/n7pvb7gdf1g6dvj7sl92i882qjl4kyx9-gcc-12.3.0-lib/lib] ==> dir [/nix/store/n7pvb7gdf1g6dvj7sl92i882qjl4kyx9-gcc-12.3.0-lib/lib]
    arg [-L/nix/store/frxg2hvacachpkv3ywdpmfl5pl2yg5y6-gcc-wrapper-12.3.0/bin] ==> dir [/nix/store/frxg2hvacachpkv3ywdpmfl5pl2yg5y6-gcc-wrapper-12.3.0/bin]
    arg [-L/nix/store/2vwipws2crqcjxfzjyq9rjpk61iqf7pf-gcc-12.3.0/lib/gcc/x86_64-unknown-linux-gnu/12.3.0] ==> dir [/nix/store/2vwipws2crqcjxfzjyq9rjpk61iqf7pf-gcc-12.3.0/lib/gcc/x86_64-unknown-linux-gnu/12.3.0]
    arg [-L/nix/store/2vwipws2crqcjxfzjyq9rjpk61iqf7pf-gcc-12.3.0/lib/gcc/x86_64-unknown-linux-gnu/12.3.0/../../../../lib64] ==> dir [/nix/store/2vwipws2crqcjxfzjyq9rjpk61iqf7pf-gcc-12.3.0/lib/gcc/x86_64-unknown-linux-gnu/12.3.0/../../../../lib64]
    arg [-L/nix/store/2vwipws2crqcjxfzjyq9rjpk61iqf7pf-gcc-12.3.0/lib/gcc/x86_64-unknown-linux-gnu/12.3.0/../../..] ==> dir [/nix/store/2vwipws2crqcjxfzjyq9rjpk61iqf7pf-gcc-12.3.0/lib/gcc/x86_64-unknown-linux-gnu/12.3.0/../../..]
    arg [-dynamic-linker=/nix/store/flf14c3ibr83jsa070j25hg5gjapydhl-glibc-2.37-8/lib/ld-linux-x86-64.so.2] ==> ignore
    arg [CMakeFiles/cmTC_926e9.dir/CMakeCCompilerABI.c.o] ==> ignore
    arg [-lgcc] ==> lib [gcc]
    arg [--push-state] ==> ignore
    arg [--as-needed] ==> ignore
    arg [-lgcc_s] ==> lib [gcc_s]
    arg [--pop-state] ==> ignore
    arg [-lc] ==> lib [c]
    arg [-lgcc] ==> lib [gcc]
    arg [--push-state] ==> ignore
    arg [--as-needed] ==> ignore
    arg [-lgcc_s] ==> lib [gcc_s]
    arg [--pop-state] ==> ignore
    arg [/nix/store/2vwipws2crqcjxfzjyq9rjpk61iqf7pf-gcc-12.3.0/lib/gcc/x86_64-unknown-linux-gnu/12.3.0/crtend.o] ==> obj [/nix/store/2vwipws2crqcjxfzjyq9rjpk61iqf7pf-gcc-12.3.0/lib/gcc/x86_64-unknown-linux-gnu/12.3.0/crtend.o]
    arg [/nix/store/flf14c3ibr83jsa070j25hg5gjapydhl-glibc-2.37-8/lib/crtn.o] ==> obj [/nix/store/flf14c3ibr83jsa070j25hg5gjapydhl-glibc-2.37-8/lib/crtn.o]
  collapse library dir [/nix/store/flf14c3ibr83jsa070j25hg5gjapydhl-glibc-2.37-8/lib] ==> [/nix/store/flf14c3ibr83jsa070j25hg5gjapydhl-glibc-2.37-8/lib]
  collapse library dir [/nix/store/2vwipws2crqcjxfzjyq9rjpk61iqf7pf-gcc-12.3.0/lib/gcc/x86_64-unknown-linux-gnu/12.3.0] ==> [/nix/store/2vwipws2crqcjxfzjyq9rjpk61iqf7pf-gcc-12.3.0/lib/gcc/x86_64-unknown-linux-gnu/12.3.0]
  collapse library dir [/nix/store/n7pvb7gdf1g6dvj7sl92i882qjl4kyx9-gcc-12.3.0-lib/x86_64-unknown-linux-gnu/lib] ==> [/nix/store/n7pvb7gdf1g6dvj7sl92i882qjl4kyx9-gcc-12.3.0-lib/x86_64-unknown-linux-gnu/lib]
  collapse library dir [/nix/store/n7pvb7gdf1g6dvj7sl92i882qjl4kyx9-gcc-12.3.0-lib/lib] ==> [/nix/store/n7pvb7gdf1g6dvj7sl92i882qjl4kyx9-gcc-12.3.0-lib/lib]
  collapse library dir [/nix/store/flf14c3ibr83jsa070j25hg5gjapydhl-glibc-2.37-8/lib] ==> [/nix/store/flf14c3ibr83jsa070j25hg5gjapydhl-glibc-2.37-8/lib]
  collapse library dir [/nix/store/n7pvb7gdf1g6dvj7sl92i882qjl4kyx9-gcc-12.3.0-lib/lib] ==> [/nix/store/n7pvb7gdf1g6dvj7sl92i882qjl4kyx9-gcc-12.3.0-lib/lib]
  collapse library dir [/nix/store/frxg2hvacachpkv3ywdpmfl5pl2yg5y6-gcc-wrapper-12.3.0/bin] ==> [/nix/store/frxg2hvacachpkv3ywdpmfl5pl2yg5y6-gcc-wrapper-12.3.0/bin]
  collapse library dir [/nix/store/2vwipws2crqcjxfzjyq9rjpk61iqf7pf-gcc-12.3.0/lib/gcc/x86_64-unknown-linux-gnu/12.3.0] ==> [/nix/store/2vwipws2crqcjxfzjyq9rjpk61iqf7pf-gcc-12.3.0/lib/gcc/x86_64-unknown-linux-gnu/12.3.0]
  collapse library dir [/nix/store/2vwipws2crqcjxfzjyq9rjpk61iqf7pf-gcc-12.3.0/lib/gcc/x86_64-unknown-linux-gnu/12.3.0/../../../../lib64] ==> [/nix/store/2vwipws2crqcjxfzjyq9rjpk61iqf7pf-gcc-12.3.0/lib64]
  collapse library dir [/nix/store/2vwipws2crqcjxfzjyq9rjpk61iqf7pf-gcc-12.3.0/lib/gcc/x86_64-unknown-linux-gnu/12.3.0/../../..] ==> [/nix/store/2vwipws2crqcjxfzjyq9rjpk61iqf7pf-gcc-12.3.0/lib]
  implicit libs: [gcc;gcc_s;c;gcc;gcc_s]
  implicit objs: [/nix/store/flf14c3ibr83jsa070j25hg5gjapydhl-glibc-2.37-8/lib/crt1.o;/nix/store/flf14c3ibr83jsa070j25hg5gjapydhl-glibc-2.37-8/lib/crti.o;/nix/store/2vwipws2crqcjxfzjyq9rjpk61iqf7pf-gcc-12.3.0/lib/gcc/x86_64-unknown-linux-gnu/12.3.0/crtbegin.o;/nix/store/2vwipws2crqcjxfzjyq9rjpk61iqf7pf-gcc-12.3.0/lib/gcc/x86_64-unknown-linux-gnu/12.3.0/crtend.o;/nix/store/flf14c3ibr83jsa070j25hg5gjapydhl-glibc-2.37-8/lib/crtn.o]
  implicit dirs: [/nix/store/flf14c3ibr83jsa070j25hg5gjapydhl-glibc-2.37-8/lib;/nix/store/2vwipws2crqcjxfzjyq9rjpk61iqf7pf-gcc-12.3.0/lib/gcc/x86_64-unknown-linux-gnu/12.3.0;/nix/store/n7pvb7gdf1g6dvj7sl92i882qjl4kyx9-gcc-12.3.0-lib/x86_64-unknown-linux-gnu/lib;/nix/store/n7pvb7gdf1g6dvj7sl92i882qjl4kyx9-gcc-12.3.0-lib/lib;/nix/store/frxg2hvacachpkv3ywdpmfl5pl2yg5y6-gcc-wrapper-12.3.0/bin;/nix/store/2vwipws2crqcjxfzjyq9rjpk61iqf7pf-gcc-12.3.0/lib64;/nix/store/2vwipws2crqcjxfzjyq9rjpk61iqf7pf-gcc-12.3.0/lib]
  implicit fwks: []


Detecting CXX compiler ABI info compiled with the following output:
Change Dir: /home/padfoot/projects/karatsuba/cmake/CMakeFiles/CMakeScratch/TryCompile-r4pgfX

Run Build Command(s):/home/padfoot/.nix-profile/bin/make -f Makefile cmTC_3743f/fast && /home/padfoot/.nix-profile/bin/make  -f CMakeFiles/cmTC_3743f.dir/build.make CMakeFiles/cmTC_3743f.dir/build
make[1]: Entering directory '/home/padfoot/projects/karatsuba/cmake/CMakeFiles/CMakeScratch/TryCompile-r4pgfX'
Building CXX object CMakeFiles/cmTC_3743f.dir/CMakeCXXCompilerABI.cpp.o
/home/padfoot/.nix-profile/bin/c++   -v -o CMakeFiles/cmTC_3743f.dir/CMakeCXXCompilerABI.cpp.o -c /nix/store/bnmxyb30n6b5fq1gj3f4jzwxf7z8b4ls-cmake-3.25.3/share/cmake-3.25/Modules/CMakeCXXCompilerABI.cpp
Using built-in specs.
COLLECT_GCC=/nix/store/2vwipws2crqcjxfzjyq9rjpk61iqf7pf-gcc-12.3.0/bin/g++
Target: x86_64-unknown-linux-gnu
Configured with: 
Thread model: posix
Supported LTO compression algorithms: zlib
gcc version 12.3.0 (GCC) 
COLLECT_GCC_OPTIONS='-v' '-o' 'CMakeFiles/cmTC_3743f.dir/CMakeCXXCompilerABI.cpp.o' '-c' '-B' '/nix/store/flf14c3ibr83jsa070j25hg5gjapydhl-glibc-2.37-8/lib/' '-idirafter' '/nix/store/i29k9pvl90385mpsavifqvm4rag684dn-glibc-2.37-8-dev/include' '-idirafter' '/nix/store/2vwipws2crqcjxfzjyq9rjpk61iqf7pf-gcc-12.3.0/lib/gcc/x86_64-unknown-linux-gnu/12.3.0/include-fixed' '-B' '/nix/store/n7pvb7gdf1g6dvj7sl92i882qjl4kyx9-gcc-12.3.0-lib/lib' '-B' '/nix/store/frxg2hvacachpkv3ywdpmfl5pl2yg5y6-gcc-wrapper-12.3.0/bin/' '-shared-libgcc' '-mtune=generic' '-march=x86-64' '-dumpdir' 'CMakeFiles/cmTC_3743f.dir/'
 /nix/store/2vwipws2crqcjxfzjyq9rjpk61iqf7pf-gcc-12.3.0/libexec/gcc/x86_64-unknown-linux-gnu/12.3.0/cc1plus -quiet -v -D_GNU_SOURCE -idirafter /nix/store/i29k9pvl90385mpsavifqvm4rag684dn-glibc-2.37-8-dev/include -idirafter /nix/store/2vwipws2crqcjxfzjyq9rjpk61iqf7pf-gcc-12.3.0/lib/gcc/x86_64-unknown-linux-gnu/12.3.0/include-fixed /nix/store/bnmxyb30n6b5fq1gj3f4jzwxf7z8b4ls-cmake-3.25.3/share/cmake-3.25/Modules/CMakeCXXCompilerABI.cpp -quiet -dumpdir CMakeFiles/cmTC_3743f.dir/ -dumpbase CMakeCXXCompilerABI.cpp.cpp -dumpbase-ext .cpp -mtune=generic -march=x86-64 -version -o /tmp/ccYraZyf.s
GNU C++17 (GCC) version 12.3.0 (x86_64-unknown-linux-gnu)
	compiled by GNU C version 12.3.0, GMP version 6.2.1, MPFR version 4.2.0, MPC version 1.3.1, isl version isl-0.20-GMP

GGC heuristics: --param ggc-min-expand=100 --param ggc-min-heapsize=131072
ignoring nonexistent directory "/nix/store/2vwipws2crqcjxfzjyq9rjpk61iqf7pf-gcc-12.3.0/lib/gcc/x86_64-unknown-linux-gnu/12.3.0/../../../../x86_64-unknown-linux-gnu/include"
ignoring duplicate directory "/nix/store/i29k9pvl90385mpsavifqvm4rag684dn-glibc-2.37-8-dev/include"
ignoring duplicate directory "/nix/store/2vwipws2crqcjxfzjyq9rjpk61iqf7pf-gcc-12.3.0/lib/gcc/x86_64-unknown-linux-gnu/12.3.0/include-fixed"
#include "..." search starts here:
#include <...> search starts here:
 /nix/store/2vwipws2crqcjxfzjyq9rjpk61iqf7pf-gcc-12.3.0/lib/gcc/x86_64-unknown-linux-gnu/12.3.0/../../../../include/c++/12.3.0
 /nix/store/2vwipws2crqcjxfzjyq9rjpk61iqf7pf-gcc-12.3.0/lib/gcc/x86_64-unknown-linux-gnu/12.3.0/../../../../include/c++/12.3.0/x86_64-unknown-linux-gnu
 /nix/store/2vwipws2crqcjxfzjyq9rjpk61iqf7pf-gcc-12.3.0/lib/gcc/x86_64-unknown-linux-gnu/12.3.0/../../../../include/c++/12.3.0/backward
 /nix/store/2vwipws2crqcjxfzjyq9rjpk61iqf7pf-gcc-12.3.0/lib/gcc/x86_64-unknown-linux-gnu/12.3.0/include
 /nix/store/2vwipws2crqcjxfzjyq9rjpk61iqf7pf-gcc-12.3.0/include
 /nix/store/2vwipws2crqcjxfzjyq9rjpk61iqf7pf-gcc-12.3.0/lib/gcc/x86_64-unknown-linux-gnu/12.3.0/include-fixed
 /nix/store/i29k9pvl90385mpsavifqvm4rag684dn-glibc-2.37-8-dev/include
End of search list.
GNU C++17 (GCC) version 12.3.0 (x86_64-unknown-linux-gnu)
	compiled by GNU C version 12.3.0, GMP version 6.2.1, MPFR version 4.2.0, MPC version 1.3.1, isl version isl-0.20-GMP

GGC heuristics: --param ggc-min-expand=100 --param ggc-min-heapsize=131072
Compiler executable checksum: 377d419eab642508ecdeaea8d20de24d
COLLECT_GCC_OPTIONS='-v' '-o' 'CMakeFiles/cmTC_3743f.dir/CMakeCXXCompilerABI.cpp.o' '-c' '-B' '/nix/store/flf14c3ibr83jsa070j25hg5gjapydhl-glibc-2.37-8/lib/' '-idirafter' '/nix/store/i29k9pvl90385mpsavifqvm4rag684dn-glibc-2.37-8-dev/include' '-idirafter' '/nix/store/2vwipws2crqcjxfzjyq9rjpk61iqf7pf-gcc-12.3.0/lib/gcc/x86_64-unknown-linux-gnu/12.3.0/include-fixed' '-B' '/nix/store/n7pvb7gdf1g6dvj7sl92i882qjl4kyx9-gcc-12.3.0-lib/lib' '-B' '/nix/store/frxg2hvacachpkv3ywdpmfl5pl2yg5y6-gcc-wrapper-12.3.0/bin/' '-shared-libgcc' '-mtune=generic' '-march=x86-64' '-dumpdir' 'CMakeFiles/cmTC_3743f.dir/'
 /nix/store/frxg2hvacachpkv3ywdpmfl5pl2yg5y6-gcc-wrapper-12.3.0/bin/as -v --64 -o CMakeFiles/cmTC_3743f.dir/CMakeCXXCompilerABI.cpp.o /tmp/ccYraZyf.s
GNU assembler version 2.40 (x86_64-unknown-linux-gnu) using BFD version (GNU Binutils) 2.40
COMPILER_PATH=/nix/store/flf14c3ibr83jsa070j25hg5gjapydhl-glibc-2.37-8/lib/:/nix/store/n7pvb7gdf1g6dvj7sl92i882qjl4kyx9-gcc-12.3.0-lib/lib/:/nix/store/frxg2hvacachpkv3ywdpmfl5pl2yg5y6-gcc-wrapper-12.3.0/bin/:/nix/store/2vwipws2crqcjxfzjyq9rjpk61iqf7pf-gcc-12.3.0/libexec/gcc/x86_64-unknown-linux-gnu/12.3.0/:/nix/store/2vwipws2crqcjxfzjyq9rjpk61iqf7pf-gcc-12.3.0/libexec/gcc/x86_64-unknown-linux-gnu/12.3.0/:/nix/store/2vwipws2crqcjxfzjyq9rjpk61iqf7pf-gcc-12.3.0/libexec/gcc/x86_64-unknown-linux-gnu/:/nix/store/2vwipws2crqcjxfzjyq9rjpk61iqf7pf-gcc-12.3.0/lib/gcc/x86_64-unknown-linux-gnu/12.3.0/:/nix/store/2vwipws2crqcjxfzjyq9rjpk61iqf7pf-gcc-12.3.0/lib/gcc/x86_64-unknown-linux-gnu/
LIBRARY_PATH=/nix/store/flf14c3ibr83jsa070j25hg5gjapydhl-glibc-2.37-8/lib/:/nix/store/n7pvb7gdf1g6dvj7sl92i882qjl4kyx9-gcc-12.3.0-lib/lib/:/nix/store/frxg2hvacachpkv3ywdpmfl5pl2yg5y6-gcc-wrapper-12.3.0/bin/:/nix/store/2vwipws2crqcjxfzjyq9rjpk61iqf7pf-gcc-12.3.0/lib/gcc/x86_64-unknown-linux-gnu/12.3.0/:/nix/store/2vwipws2crqcjxfzjyq9rjpk61iqf7pf-gcc-12.3.0/lib/gcc/x86_64-unknown-linux-gnu/12.3.0/../../../../lib64/:/nix/store/2vwipws2crqcjxfzjyq9rjpk61iqf7pf-gcc-12.3.0/lib/gcc/x86_64-unknown-linux-gnu/12.3.0/../../../
COLLECT_GCC_OPTIONS='-v' '-o' 'CMakeFiles/cmTC_3743f.dir/CMakeCXXCompilerABI.cpp.o' '-c' '-B' '/nix/store/flf14c3ibr83jsa070j25hg5gjapydhl-glibc-2.37-8/lib/' '-idirafter' '/nix/store/i29k9pvl90385mpsavifqvm4rag684dn-glibc-2.37-8-dev/include' '-idirafter' '/nix/store/2vwipws2crqcjxfzjyq9rjpk61iqf7pf-gcc-12.3.0/lib/gcc/x86_64-unknown-linux-gnu/12.3.0/include-fixed' '-B' '/nix/store/n7pvb7gdf1g6dvj7sl92i882qjl4kyx9-gcc-12.3.0-lib/lib' '-B' '/nix/store/frxg2hvacachpkv3ywdpmfl5pl2yg5y6-gcc-wrapper-12.3.0/bin/' '-shared-libgcc' '-mtune=generic' '-march=x86-64' '-dumpdir' 'CMakeFiles/cmTC_3743f.dir/CMakeCXXCompilerABI.cpp.'
Linking CXX executable cmTC_3743f
/nix/store/bnmxyb30n6b5fq1gj3f4jzwxf7z8b4ls-cmake-3.25.3/bin/cmake -E cmake_link_script CMakeFiles/cmTC_3743f.dir/link.txt --verbose=1
/home/padfoot/.nix-profile/bin/c++  -v CMakeFiles/cmTC_3743f.dir/CMakeCXXCompilerABI.cpp.o -o cmTC_3743f 
Using built-in specs.
COLLECT_GCC=/nix/store/2vwipws2crqcjxfzjyq9rjpk61iqf7pf-gcc-12.3.0/bin/g++
COLLECT_LTO_WRAPPER=/nix/store/2vwipws2crqcjxfzjyq9rjpk61iqf7pf-gcc-12.3.0/libexec/gcc/x86_64-unknown-linux-gnu/12.3.0/lto-wrapper
Target: x86_64-unknown-linux-gnu
Configured with: 
Thread model: posix
Supported LTO compression algorithms: zlib
gcc version 12.3.0 (GCC) 
COMPILER_PATH=/nix/store/flf14c3ibr83jsa070j25hg5gjapydhl-glibc-2.37-8/lib/:/nix/store/n7pvb7gdf1g6dvj7sl92i882qjl4kyx9-gcc-12.3.0-lib/lib/:/nix/store/frxg2hvacachpkv3ywdpmfl5pl2yg5y6-gcc-wrapper-12.3.0/bin/:/nix/store/2vwipws2crqcjxfzjyq9rjpk61iqf7pf-gcc-12.3.0/libexec/gcc/x86_64-unknown-linux-gnu/12.3.0/:/nix/store/2vwipws2crqcjxfzjyq9rjpk61iqf7pf-gcc-12.3.0/libexec/gcc/x86_64-unknown-linux-gnu/12.3.0/:/nix/store/2vwipws2crqcjxfzjyq9rjpk61iqf7pf-gcc-12.3.0/libexec/gcc/x86_64-unknown-linux-gnu/:/nix/store/2vwipws2crqcjxfzjyq9rjpk61iqf7pf-gcc-12.3.0/lib/gcc/x86_64-unknown-linux-gnu/12.3.0/:/nix/store/2vwipws2crqcjxfzjyq9rjpk61iqf7pf-gcc-12.3.0/lib/gcc/x86_64-unknown-linux-gnu/
LIBRARY_PATH=/nix/store/flf14c3ibr83jsa070j25hg5gjapydhl-glibc-2.37-8/lib/:/nix/store/n7pvb7gdf1g6dvj7sl92i882qjl4kyx9-gcc-12.3.0-lib/lib/:/nix/store/frxg2hvacachpkv3ywdpmfl5pl2yg5y6-gcc-wrapper-12.3.0/bin/:/nix/store/2vwipws2crqcjxfzjyq9rjpk61iqf7pf-gcc-12.3.0/lib/gcc/x86_64-unknown-linux-gnu/12.3.0/:/nix/store/2vwipws2crqcjxfzjyq9rjpk61iqf7pf-gcc-12.3.0/lib/gcc/x86_64-unknown-linux-gnu/12.3.0/../../../../lib64/:/nix/store/2vwipws2crqcjxfzjyq9rjpk61iqf7pf-gcc-12.3.0/lib/gcc/x86_64-unknown-linux-gnu/12.3.0/../../../
COLLECT_GCC_OPTIONS='-v' '-o' 'cmTC_3743f' '-B' '/nix/store/flf14c3ibr83jsa070j25hg5gjapydhl-glibc-2.37-8/lib/' '-idirafter' '/nix/store/i29k9pvl90385mpsavifqvm4rag684dn-glibc-2.37-8-dev/include' '-idirafter' '/nix/store/2vwipws2crqcjxfzjyq9rjpk61iqf7pf-gcc-12.3.0/lib/gcc/x86_64-unknown-linux-gnu/12.3.0/include-fixed' '-B' '/nix/store/n7pvb7gdf1g6dvj7sl92i882qjl4kyx9-gcc-12.3.0-lib/lib' '-B' '/nix/store/frxg2hvacachpkv3ywdpmfl5pl2yg5y6-gcc-wrapper-12.3.0/bin/' '-L/nix/store/flf14c3ibr83jsa070j25hg5gjapydhl-glibc-2.37-8/lib' '-L/nix/store/2vwipws2crqcjxfzjyq9rjpk61iqf7pf-gcc-12.3.0/lib/gcc/x86_64-unknown-linux-gnu/12.3.0' '-L/nix/store/n7pvb7gdf1g6dvj7sl92i882qjl4kyx9-gcc-12.3.0-lib/x86_64-unknown-linux-gnu/lib' '-L/nix/store/n7pvb7gdf1g6dvj7sl92i882qjl4kyx9-gcc-12.3.0-lib/lib' '-shared-libgcc' '-mtune=generic' '-march=x86-64' '-dumpdir' 'cmTC_3743f.'
 /nix/store/2vwipws2crqcjxfzjyq9rjpk61iqf7pf-gcc-12.3.0/libexec/gcc/x86_64-unknown-linux-gnu/12.3.0/collect2 -plugin /nix/store/2vwipws2crqcjxfzjyq9rjpk61iqf7pf-gcc-12.3.0/libexec/gcc/x86_64-unknown-linux-gnu/12.3.0/liblto_plugin.so -plugin-opt=/nix/store/2vwipws2crqcjxfzjyq9rjpk61iqf7pf-gcc-12.3.0/libexec/gcc/x86_64-unknown-linux-gnu/12.3.0/lto-wrapper -plugin-opt=-fresolution=/tmp/cceKakpL.res -plugin-opt=-pass-through=-lgcc_s -plugin-opt=-pass-through=-lgcc -plugin-opt=-pass-through=-lc -plugin-opt=-pass-through=-lgcc_s -plugin-opt=-pass-through=-lgcc --eh-frame-hdr -m elf_x86_64 -dynamic-linker /nix/store/flf14c3ibr83jsa070j25hg5gjapydhl-glibc-2.37-8/lib64/ld-linux-x86-64.so.2 -o cmTC_3743f /nix/store/flf14c3ibr83jsa070j25hg5gjapydhl-glibc-2.37-8/lib/crt1.o /nix/store/flf14c3ibr83jsa070j25hg5gjapydhl-glibc-2.37-8/lib/crti.o /nix/store/2vwipws2crqcjxfzjyq9rjpk61iqf7pf-gcc-12.3.0/lib/gcc/x86_64-unknown-linux-gnu/12.3.0/crtbegin.o -L/nix/store/flf14c3ibr83jsa070j25hg5gjapydhl-glibc-2.37-8/lib -L/nix/store/2vwipws2crqcjxfzjyq9rjpk61iqf7pf-gcc-12.3.0/lib/gcc/x86_64-unknown-linux-gnu/12.3.0 -L/nix/store/n7pvb7gdf1g6dvj7sl92i882qjl4kyx9-gcc-12.3.0-lib/x86_64-unknown-linux-gnu/lib -L/nix/store/n7pvb7gdf1g6dvj7sl92i882qjl4kyx9-gcc-12.3.0-lib/lib -L/nix/store/flf14c3ibr83jsa070j25hg5gjapydhl-glibc-2.37-8/lib -L/nix/store/n7pvb7gdf1g6dvj7sl92i882qjl4kyx9-gcc-12.3.0-lib/lib -L/nix/store/frxg2hvacachpkv3ywdpmfl5pl2yg5y6-gcc-wrapper-12.3.0/bin -L/nix/store/2vwipws2crqcjxfzjyq9rjpk61iqf7pf-gcc-12.3.0/lib/gcc/x86_64-unknown-linux-gnu/12.3.0 -L/nix/store/2vwipws2crqcjxfzjyq9rjpk61iqf7pf-gcc-12.3.0/lib/gcc/x86_64-unknown-linux-gnu/12.3.0/../../../../lib64 -L/nix/store/2vwipws2crqcjxfzjyq9rjpk61iqf7pf-gcc-12.3.0/lib/gcc/x86_64-unknown-linux-gnu/12.3.0/../../.. -dynamic-linker=/nix/store/flf14c3ibr83jsa070j25hg5gjapydhl-glibc-2.37-8/lib/ld-linux-x86-64.so.2 CMakeFiles/cmTC_3743f.dir/CMakeCXXCompilerABI.cpp.o -lstdc++ -lm -lgcc_s -lgcc -lc -lgcc_s -lgcc /nix/store/2vwipws2crqcjxfzjyq9rjpk61iqf7pf-gcc-12.3.0/lib/gcc/x86_64-unknown-linux-gnu/12.3.0/crtend.o /nix/store/flf14c3ibr83jsa070j25hg5gjapydhl-glibc-2.37-8/lib/crtn.o
COLLECT_GCC_OPTIONS='-v' '-o' 'cmTC_3743f' '-B' '/nix/store/flf14c3ibr83jsa070j25hg5gjapydhl-glibc-2.37-8/lib/' '-idirafter' '/nix/store/i29k9pvl90385mpsavifqvm4rag684dn-glibc-2.37-8-dev/include' '-idirafter' '/nix/store/2vwipws2crqcjxfzjyq9rjpk61iqf7pf-gcc-12.3.0/lib/gcc/x86_64-unknown-linux-gnu/12.3.0/include-fixed' '-B' '/nix/store/n7pvb7gdf1g6dvj7sl92i882qjl4kyx9-gcc-12.3.0-lib/lib' '-B' '/nix/store/frxg2hvacachpkv3ywdpmfl5pl2yg5y6-gcc-wrapper-12.3.0/bin/' '-L/nix/store/flf14c3ibr83jsa070j25hg5gjapydhl-glibc-2.37-8/lib' '-L/nix/store/2vwipws2crqcjxfzjyq9rjpk61iqf7pf-gcc-12.3.0/lib/gcc/x86_64-unknown-linux-gnu/12.3.0' '-L/nix/store/n7pvb7gdf1g6dvj7sl92i882qjl4kyx9-gcc-12.3.0-lib/x86_64-unknown-linux-gnu/lib' '-L/nix/store/n7pvb7gdf1g6dvj7sl92i882qjl4kyx9-gcc-12.3.0-lib/lib' '-shared-libgcc' '-mtune=generic' '-march=x86-64' '-dumpdir' 'cmTC_3743f.'
make[1]: Leaving directory '/home/padfoot/projects/karatsuba/cmake/CMakeFiles/CMakeScratch/TryCompile-r4pgfX'



Parsed CXX implicit include dir info from above output: rv=done
  found start of include info
  found start of implicit include info
    add: [/nix/store/2vwipws2crqcjxfzjyq9rjpk61iqf7pf-gcc-12.3.0/lib/gcc/x86_64-unknown-linux-gnu/12.3.0/../../../../include/c++/12.3.0]
    add: [/nix/store/2vwipws2crqcjxfzjyq9rjpk61iqf7pf-gcc-12.3.0/lib/gcc/x86_64-unknown-linux-gnu/12.3.0/../../../../include/c++/12.3.0/x86_64-unknown-linux-gnu]
    add: [/nix/store/2vwipws2crqcjxfzjyq9rjpk61iqf7pf-gcc-12.3.0/lib/gcc/x86_64-unknown-linux-gnu/12.3.0/../../../../include/c++/12.3.0/backward]
    add: [/nix/store/2vwipws2crqcjxfzjyq9rjpk61iqf7pf-gcc-12.3.0/lib/gcc/x86_64-unknown-linux-gnu/12.3.0/include]
    add: [/nix/store/2vwipws2crqcjxfzjyq9rjpk61iqf7pf-gcc-12.3.0/include]
    add: [/nix/store/2vwipws2crqcjxfzjyq9rjpk61iqf7pf-gcc-12.3.0/lib/gcc/x86_64-unknown-linux-gnu/12.3.0/include-fixed]
    add: [/nix/store/i29k9pvl90385mpsavifqvm4rag684dn-glibc-2.37-8-dev/include]
  end of search list found
  collapse include dir [/nix/store/2vwipws2crqcjxfzjyq9rjpk61iqf7pf-gcc-12.3.0/lib/gcc/x86_64-unknown-linux-gnu/12.3.0/../../../../include/c++/12.3.0] ==> [/nix/store/2vwipws2crqcjxfzjyq9rjpk61iqf7pf-gcc-12.3.0/include/c++/12.3.0]
  collapse include dir [/nix/store/2vwipws2crqcjxfzjyq9rjpk61iqf7pf-gcc-12.3.0/lib/gcc/x86_64-unknown-linux-gnu/12.3.0/../../../../include/c++/12.3.0/x86_64-unknown-linux-gnu] ==> [/nix/store/2vwipws2crqcjxfzjyq9rjpk61iqf7pf-gcc-12.3.0/include/c++/12.3.0/x86_64-unknown-linux-gnu]
  collapse include dir [/nix/store/2vwipws2crqcjxfzjyq9rjpk61iqf7pf-gcc-12.3.0/lib/gcc/x86_64-unknown-linux-gnu/12.3.0/../../../../include/c++/12.3.0/backward] ==> [/nix/store/2vwipws2crqcjxfzjyq9rjpk61iqf7pf-gcc-12.3.0/include/c++/12.3.0/backward]
  collapse include dir [/nix/store/2vwipws2crqcjxfzjyq9rjpk61iqf7pf-gcc-12.3.0/lib/gcc/x86_64-unknown-linux-gnu/12.3.0/include] ==> [/nix/store/2vwipws2crqcjxfzjyq9rjpk61iqf7pf-gcc-12.3.0/lib/gcc/x86_64-unknown-linux-gnu/12.3.0/include]
  collapse include dir [/nix/store/2vwipws2crqcjxfzjyq9rjpk61iqf7pf-gcc-12.3.0/include] ==> [/nix/store/2vwipws2crqcjxfzjyq9rjpk61iqf7pf-gcc-12.3.0/include]
  collapse include dir [/nix/store/2vwipws2crqcjxfzjyq9rjpk61iqf7pf-gcc-12.3.0/lib/gcc/x86_64-unknown-linux-gnu/12.3.0/include-fixed] ==> [/nix/store/2vwipws2crqcjxfzjyq9rjpk61iqf7pf-gcc-12.3.0/lib/gcc/x86_64-unknown-linux-gnu/12.3.0/include-fixed]
  collapse include dir [/nix/store/i29k9pvl90385mpsavifqvm4rag684dn-glibc-2.37-8-dev/include] ==> [/nix/store/i29k9pvl90385mpsavifqvm4rag684dn-glibc-2.37-8-dev/include]
  implicit include dirs: [/nix/store/2vwipws2crqcjxfzjyq9rjpk61iqf7pf-gcc-12.3.0/include/c++/12.3.0;/nix/store/2vwipws2crqcjxfzjyq9rjpk61iqf7pf-gcc-12.3.0/include/c++/12.3.0/x86_64-unknown-linux-gnu;/nix/store/2vwipws2crqcjxfzjyq9rjpk61iqf7pf-gcc-12.3.0/include/c++/12.3.0/backward;/nix/store/2vwipws2crqcjxfzjyq9rjpk61iqf7pf-gcc-12.3.0/lib/gcc/x86_64-unknown-linux-gnu/12.3.0/include;/nix/store/2vwipws2crqcjxfzjyq9rjpk61iqf7pf-gcc-12.3.0/include;/nix/store/2vwipws2crqcjxfzjyq9rjpk61iqf7pf-gcc-12.3.0/lib/gcc/x86_64-unknown-linux-gnu/12.3.0/include-fixed;/nix/store/i29k9pvl90385mpsavifqvm4rag684dn-glibc-2.37-8-dev/include]


Parsed CXX implicit link information from above output:
  link line regex: [^( *|.*[/\])(ld|CMAKE_LINK_STARTFILE-NOTFOUND|([^/\]+-)?ld|collect2)[^/\]*( |$)]
  ignore line: [Change Dir: /home/padfoot/projects/karatsuba/cmake/CMakeFiles/CMakeScratch/TryCompile-r4pgfX]
  ignore line: []
  ignore line: [Run Build Command(s):/home/padfoot/.nix-profile/bin/make -f Makefile cmTC_3743f/fast && /home/padfoot/.nix-profile/bin/make  -f CMakeFiles/cmTC_3743f.dir/build.make CMakeFiles/cmTC_3743f.dir/build]
  ignore line: [make[1]: Entering directory '/home/padfoot/projects/karatsuba/cmake/CMakeFiles/CMakeScratch/TryCompile-r4pgfX']
  ignore line: [Building CXX object CMakeFiles/cmTC_3743f.dir/CMakeCXXCompilerABI.cpp.o]
  ignore line: [/home/padfoot/.nix-profile/bin/c++   -v -o CMakeFiles/cmTC_3743f.dir/CMakeCXXCompilerABI.cpp.o -c /nix/store/bnmxyb30n6b5fq1gj3f4jzwxf7z8b4ls-cmake-3.25.3/share/cmake-3.25/Modules/CMakeCXXCompilerABI.cpp]
  ignore line: [Using built-in specs.]
  ignore line: [COLLECT_GCC=/nix/store/2vwipws2crqcjxfzjyq9rjpk61iqf7pf-gcc-12.3.0/bin/g++]
  ignore line: [Target: x86_64-unknown-linux-gnu]
  ignore line: [Configured with: ]
  ignore line: [Thread model: posix]
  ignore line: [Supported LTO compression algorithms: zlib]
  ignore line: [gcc version 12.3.0 (GCC) ]
  ignore line: [COLLECT_GCC_OPTIONS='-v' '-o' 'CMakeFiles/cmTC_3743f.dir/CMakeCXXCompilerABI.cpp.o' '-c' '-B' '/nix/store/flf14c3ibr83jsa070j25hg5gjapydhl-glibc-2.37-8/lib/' '-idirafter' '/nix/store/i29k9pvl90385mpsavifqvm4rag684dn-glibc-2.37-8-dev/include' '-idirafter' '/nix/store/2vwipws2crqcjxfzjyq9rjpk61iqf7pf-gcc-12.3.0/lib/gcc/x86_64-unknown-linux-gnu/12.3.0/include-fixed' '-B' '/nix/store/n7pvb7gdf1g6dvj7sl92i882qjl4kyx9-gcc-12.3.0-lib/lib' '-B' '/nix/store/frxg2hvacachpkv3ywdpmfl5pl2yg5y6-gcc-wrapper-12.3.0/bin/' '-shared-libgcc' '-mtune=generic' '-march=x86-64' '-dumpdir' 'CMakeFiles/cmTC_3743f.dir/']
  ignore line: [ /nix/store/2vwipws2crqcjxfzjyq9rjpk61iqf7pf-gcc-12.3.0/libexec/gcc/x86_64-unknown-linux-gnu/12.3.0/cc1plus -quiet -v -D_GNU_SOURCE -idirafter /nix/store/i29k9pvl90385mpsavifqvm4rag684dn-glibc-2.37-8-dev/include -idirafter /nix/store/2vwipws2crqcjxfzjyq9rjpk61iqf7pf-gcc-12.3.0/lib/gcc/x86_64-unknown-linux-gnu/12.3.0/include-fixed /nix/store/bnmxyb30n6b5fq1gj3f4jzwxf7z8b4ls-cmake-3.25.3/share/cmake-3.25/Modules/CMakeCXXCompilerABI.cpp -quiet -dumpdir CMakeFiles/cmTC_3743f.dir/ -dumpbase CMakeCXXCompilerABI.cpp.cpp -dumpbase-ext .cpp -mtune=generic -march=x86-64 -version -o /tmp/ccYraZyf.s]
  ignore line: [GNU C++17 (GCC) version 12.3.0 (x86_64-unknown-linux-gnu)]
  ignore line: [	compiled by GNU C version 12.3.0  GMP version 6.2.1  MPFR version 4.2.0  MPC version 1.3.1  isl version isl-0.20-GMP]
  ignore line: []
  ignore line: [GGC heuristics: --param ggc-min-expand=100 --param ggc-min-heapsize=131072]
  ignore line: [ignoring nonexistent directory "/nix/store/2vwipws2crqcjxfzjyq9rjpk61iqf7pf-gcc-12.3.0/lib/gcc/x86_64-unknown-linux-gnu/12.3.0/../../../../x86_64-unknown-linux-gnu/include"]
  ignore line: [ignoring duplicate directory "/nix/store/i29k9pvl90385mpsavifqvm4rag684dn-glibc-2.37-8-dev/include"]
  ignore line: [ignoring duplicate directory "/nix/store/2vwipws2crqcjxfzjyq9rjpk61iqf7pf-gcc-12.3.0/lib/gcc/x86_64-unknown-linux-gnu/12.3.0/include-fixed"]
  ignore line: [#include "..." search starts here:]
  ignore line: [#include <...> search starts here:]
  ignore line: [ /nix/store/2vwipws2crqcjxfzjyq9rjpk61iqf7pf-gcc-12.3.0/lib/gcc/x86_64-unknown-linux-gnu/12.3.0/../../../../include/c++/12.3.0]
  ignore line: [ /nix/store/2vwipws2crqcjxfzjyq9rjpk61iqf7pf-gcc-12.3.0/lib/gcc/x86_64-unknown-linux-gnu/12.3.0/../../../../include/c++/12.3.0/x86_64-unknown-linux-gnu]
  ignore line: [ /nix/store/2vwipws2crqcjxfzjyq9rjpk61iqf7pf-gcc-12.3.0/lib/gcc/x86_64-unknown-linux-gnu/12.3.0/../../../../include/c++/12.3.0/backward]
  ignore line: [ /nix/store/2vwipws2crqcjxfzjyq9rjpk61iqf7pf-gcc-12.3.0/lib/gcc/x86_64-unknown-linux-gnu/12.3.0/include]
  ignore line: [ /nix/store/2vwipws2crqcjxfzjyq9rjpk61iqf7pf-gcc-12.3.0/include]
  ignore line: [ /nix/store/2vwipws2crqcjxfzjyq9rjpk61iqf7pf-gcc-12.3.0/lib/gcc/x86_64-unknown-linux-gnu/12.3.0/include-fixed]
  ignore line: [ /nix/store/i29k9pvl90385mpsavifqvm4rag684dn-glibc-2.37-8-dev/include]
  ignore line: [End of search list.]
  ignore line: [GNU C++17 (GCC) version 12.3.0 (x86_64-unknown-linux-gnu)]
  ignore line: [	compiled by GNU C version 12.3.0  GMP version 6.2.1  MPFR version 4.2.0  MPC version 1.3.1  isl version isl-0.20-GMP]
  ignore line: []
  ignore line: [GGC heuristics: --param ggc-min-expand=100 --param ggc-min-heapsize=131072]
  ignore line: [Compiler executable checksum: 377d419eab642508ecdeaea8d20de24d]
  ignore line: [COLLECT_GCC_OPTIONS='-v' '-o' 'CMakeFiles/cmTC_3743f.dir/CMakeCXXCompilerABI.cpp.o' '-c' '-B' '/nix/store/flf14c3ibr83jsa070j25hg5gjapydhl-glibc-2.37-8/lib/' '-idirafter' '/nix/store/i29k9pvl90385mpsavifqvm4rag684dn-glibc-2.37-8-dev/include' '-idirafter' '/nix/store/2vwipws2crqcjxfzjyq9rjpk61iqf7pf-gcc-12.3.0/lib/gcc/x86_64-unknown-linux-gnu/12.3.0/include-fixed' '-B' '/nix/store/n7pvb7gdf1g6dvj7sl92i882qjl4kyx9-gcc-12.3.0-lib/lib' '-B' '/nix/store/frxg2hvacachpkv3ywdpmfl5pl2yg5y6-gcc-wrapper-12.3.0/bin/' '-shared-libgcc' '-mtune=generic' '-march=x86-64' '-dumpdir' 'CMakeFiles/cmTC_3743f.dir/']
  ignore line: [ /nix/store/frxg2hvacachpkv3ywdpmfl5pl2yg5y6-gcc-wrapper-12.3.0/bin/as -v --64 -o CMakeFiles/cmTC_3743f.dir/CMakeCXXCompilerABI.cpp.o /tmp/ccYraZyf.s]
  ignore line: [GNU assembler version 2.40 (x86_64-unknown-linux-gnu) using BFD version (GNU Binutils) 2.40]
  ignore line: [COMPILER_PATH=/nix/store/flf14c3ibr83jsa070j25hg5gjapydhl-glibc-2.37-8/lib/:/nix/store/n7pvb7gdf1g6dvj7sl92i882qjl4kyx9-gcc-12.3.0-lib/lib/:/nix/store/frxg2hvacachpkv3ywdpmfl5pl2yg5y6-gcc-wrapper-12.3.0/bin/:/nix/store/2vwipws2crqcjxfzjyq9rjpk61iqf7pf-gcc-12.3.0/libexec/gcc/x86_64-unknown-linux-gnu/12.3.0/:/nix/store/2vwipws2crqcjxfzjyq9rjpk61iqf7pf-gcc-12.3.0/libexec/gcc/x86_64-unknown-linux-gnu/12.3.0/:/nix/store/2vwipws2crqcjxfzjyq9rjpk61iqf7pf-gcc-12.3.0/libexec/gcc/x86_64-unknown-linux-gnu/:/nix/store/2vwipws2crqcjxfzjyq9rjpk61iqf7pf-gcc-12.3.0/lib/gcc/x86_64-unknown-linux-gnu/12.3.0/:/nix/store/2vwipws2crqcjxfzjyq9rjpk61iqf7pf-gcc-12.3.0/lib/gcc/x86_64-unknown-linux-gnu/]
  ignore line: [LIBRARY_PATH=/nix/store/flf14c3ibr83jsa070j25hg5gjapydhl-glibc-2.37-8/lib/:/nix/store/n7pvb7gdf1g6dvj7sl92i882qjl4kyx9-gcc-12.3.0-lib/lib/:/nix/store/frxg2hvacachpkv3ywdpmfl5pl2yg5y6-gcc-wrapper-12.3.0/bin/:/nix/store/2vwipws2crqcjxfzjyq9rjpk61iqf7pf-gcc-12.3.0/lib/gcc/x86_64-unknown-linux-gnu/12.3.0/:/nix/store/2vwipws2crqcjxfzjyq9rjpk61iqf7pf-gcc-12.3.0/lib/gcc/x86_64-unknown-linux-gnu/12.3.0/../../../../lib64/:/nix/store/2vwipws2crqcjxfzjyq9rjpk61iqf7pf-gcc-12.3.0/lib/gcc/x86_64-unknown-linux-gnu/12.3.0/../../../]
  ignore line: [COLLECT_GCC_OPTIONS='-v' '-o' 'CMakeFiles/cmTC_3743f.dir/CMakeCXXCompilerABI.cpp.o' '-c' '-B' '/nix/store/flf14c3ibr83jsa070j25hg5gjapydhl-glibc-2.37-8/lib/' '-idirafter' '/nix/store/i29k9pvl90385mpsavifqvm4rag684dn-glibc-2.37-8-dev/include' '-idirafter' '/nix/store/2vwipws2crqcjxfzjyq9rjpk61iqf7pf-gcc-12.3.0/lib/gcc/x86_64-unknown-linux-gnu/12.3.0/include-fixed' '-B' '/nix/store/n7pvb7gdf1g6dvj7sl92i882qjl4kyx9-gcc-12.3.0-lib/lib' '-B' '/nix/store/frxg2hvacachpkv3ywdpmfl5pl2yg5y6-gcc-wrapper-12.3.0/bin/' '-shared-libgcc' '-mtune=generic' '-march=x86-64' '-dumpdir' 'CMakeFiles/cmTC_3743f.dir/CMakeCXXCompilerABI.cpp.']
  ignore line: [Linking CXX executable cmTC_3743f]
  ignore line: [/nix/store/bnmxyb30n6b5fq1gj3f4jzwxf7z8b4ls-cmake-3.25.3/bin/cmake -E cmake_link_script CMakeFiles/cmTC_3743f.dir/link.txt --verbose=1]
  ignore line: [/home/padfoot/.nix-profile/bin/c++  -v CMakeFiles/cmTC_3743f.dir/CMakeCXXCompilerABI.cpp.o -o cmTC_3743f ]
  ignore line: [Using built-in specs.]
  ignore line: [COLLECT_GCC=/nix/store/2vwipws2crqcjxfzjyq9rjpk61iqf7pf-gcc-12.3.0/bin/g++]
  ignore line: [COLLECT_LTO_WRAPPER=/nix/store/2vwipws2crqcjxfzjyq9rjpk61iqf7pf-gcc-12.3.0/libexec/gcc/x86_64-unknown-linux-gnu/12.3.0/lto-wrapper]
  ignore line: [Target: x86_64-unknown-linux-gnu]
  ignore line: [Configured with: ]
  ignore line: [Thread model: posix]
  ignore line: [Supported LTO compression algorithms: zlib]
  ignore line: [gcc version 12.3.0 (GCC) ]
  ignore line: [COMPILER_PATH=/nix/store/flf14c3ibr83jsa070j25hg5gjapydhl-glibc-2.37-8/lib/:/nix/store/n7pvb7gdf1g6dvj7sl92i882qjl4kyx9-gcc-12.3.0-lib/lib/:/nix/store/frxg2hvacachpkv3ywdpmfl5pl2yg5y6-gcc-wrapper-12.3.0/bin/:/nix/store/2vwipws2crqcjxfzjyq9rjpk61iqf7pf-gcc-12.3.0/libexec/gcc/x86_64-unknown-linux-gnu/12.3.0/:/nix/store/2vwipws2crqcjxfzjyq9rjpk61iqf7pf-gcc-12.3.0/libexec/gcc/x86_64-unknown-linux-gnu/12.3.0/:/nix/store/2vwipws2crqcjxfzjyq9rjpk61iqf7pf-gcc-12.3.0/libexec/gcc/x86_64-unknown-linux-gnu/:/nix/store/2vwipws2crqcjxfzjyq9rjpk61iqf7pf-gcc-12.3.0/lib/gcc/x86_64-unknown-linux-gnu/12.3.0/:/nix/store/2vwipws2crqcjxfzjyq9rjpk61iqf7pf-gcc-12.3.0/lib/gcc/x86_64-unknown-linux-gnu/]
  ignore line: [LIBRARY_PATH=/nix/store/flf14c3ibr83jsa070j25hg5gjapydhl-glibc-2.37-8/lib/:/nix/store/n7pvb7gdf1g6dvj7sl92i882qjl4kyx9-gcc-12.3.0-lib/lib/:/nix/store/frxg2hvacachpkv3ywdpmfl5pl2yg5y6-gcc-wrapper-12.3.0/bin/:/nix/store/2vwipws2crqcjxfzjyq9rjpk61iqf7pf-gcc-12.3.0/lib/gcc/x86_64-unknown-linux-gnu/12.3.0/:/nix/store/2vwipws2crqcjxfzjyq9rjpk61iqf7pf-gcc-12.3.0/lib/gcc/x86_64-unknown-linux-gnu/12.3.0/../../../../lib64/:/nix/store/2vwipws2crqcjxfzjyq9rjpk61iqf7pf-gcc-12.3.0/lib/gcc/x86_64-unknown-linux-gnu/12.3.0/../../../]
  ignore line: [COLLECT_GCC_OPTIONS='-v' '-o' 'cmTC_3743f' '-B' '/nix/store/flf14c3ibr83jsa070j25hg5gjapydhl-glibc-2.37-8/lib/' '-idirafter' '/nix/store/i29k9pvl90385mpsavifqvm4rag684dn-glibc-2.37-8-dev/include' '-idirafter' '/nix/store/2vwipws2crqcjxfzjyq9rjpk61iqf7pf-gcc-12.3.0/lib/gcc/x86_64-unknown-linux-gnu/12.3.0/include-fixed' '-B' '/nix/store/n7pvb7gdf1g6dvj7sl92i882qjl4kyx9-gcc-12.3.0-lib/lib' '-B' '/nix/store/frxg2hvacachpkv3ywdpmfl5pl2yg5y6-gcc-wrapper-12.3.0/bin/' '-L/nix/store/flf14c3ibr83jsa070j25hg5gjapydhl-glibc-2.37-8/lib' '-L/nix/store/2vwipws2crqcjxfzjyq9rjpk61iqf7pf-gcc-12.3.0/lib/gcc/x86_64-unknown-linux-gnu/12.3.0' '-L/nix/store/n7pvb7gdf1g6dvj7sl92i882qjl4kyx9-gcc-12.3.0-lib/x86_64-unknown-linux-gnu/lib' '-L/nix/store/n7pvb7gdf1g6dvj7sl92i882qjl4kyx9-gcc-12.3.0-lib/lib' '-shared-libgcc' '-mtune=generic' '-march=x86-64' '-dumpdir' 'cmTC_3743f.']
  link line: [ /nix/store/2vwipws2crqcjxfzjyq9rjpk61iqf7pf-gcc-12.3.0/libexec/gcc/x86_64-unknown-linux-gnu/12.3.0/collect2 -plugin /nix/store/2vwipws2crqcjxfzjyq9rjpk61iqf7pf-gcc-12.3.0/libexec/gcc/x86_64-unknown-linux-gnu/12.3.0/liblto_plugin.so -plugin-opt=/nix/store/2vwipws2crqcjxfzjyq9rjpk61iqf7pf-gcc-12.3.0/libexec/gcc/x86_64-unknown-linux-gnu/12.3.0/lto-wrapper -plugin-opt=-fresolution=/tmp/cceKakpL.res -plugin-opt=-pass-through=-lgcc_s -plugin-opt=-pass-through=-lgcc -plugin-opt=-pass-through=-lc -plugin-opt=-pass-through=-lgcc_s -plugin-opt=-pass-through=-lgcc --eh-frame-hdr -m elf_x86_64 -dynamic-linker /nix/store/flf14c3ibr83jsa070j25hg5gjapydhl-glibc-2.37-8/lib64/ld-linux-x86-64.so.2 -o cmTC_3743f /nix/store/flf14c3ibr83jsa070j25hg5gjapydhl-glibc-2.37-8/lib/crt1.o /nix/store/flf14c3ibr83jsa070j25hg5gjapydhl-glibc-2.37-8/lib/crti.o /nix/store/2vwipws2crqcjxfzjyq9rjpk61iqf7pf-gcc-12.3.0/lib/gcc/x86_64-unknown-linux-gnu/12.3.0/crtbegin.o -L/nix/store/flf14c3ibr83jsa070j25hg5gjapydhl-glibc-2.37-8/lib -L/nix/store/2vwipws2crqcjxfzjyq9rjpk61iqf7pf-gcc-12.3.0/lib/gcc/x86_64-unknown-linux-gnu/12.3.0 -L/nix/store/n7pvb7gdf1g6dvj7sl92i882qjl4kyx9-gcc-12.3.0-lib/x86_64-unknown-linux-gnu/lib -L/nix/store/n7pvb7gdf1g6dvj7sl92i882qjl4kyx9-gcc-12.3.0-lib/lib -L/nix/store/flf14c3ibr83jsa070j25hg5gjapydhl-glibc-2.37-8/lib -L/nix/store/n7pvb7gdf1g6dvj7sl92i882qjl4kyx9-gcc-12.3.0-lib/lib -L/nix/store/frxg2hvacachpkv3ywdpmfl5pl2yg5y6-gcc-wrapper-12.3.0/bin -L/nix/store/2vwipws2crqcjxfzjyq9rjpk61iqf7pf-gcc-12.3.0/lib/gcc/x86_64-unknown-linux-gnu/12.3.0 -L/nix/store/2vwipws2crqcjxfzjyq9rjpk61iqf7pf-gcc-12.3.0/lib/gcc/x86_64-unknown-linux-gnu/12.3.0/../../../../lib64 -L/nix/store/2vwipws2crqcjxfzjyq9rjpk61iqf7pf-gcc-12.3.0/lib/gcc/x86_64-unknown-linux-gnu/12.3.0/../../.. -dynamic-linker=/nix/store/flf14c3ibr83jsa070j25hg5gjapydhl-glibc-2.37-8/lib/ld-linux-x86-64.so.2 CMakeFiles/cmTC_3743f.dir/CMakeCXXCompilerABI.cpp.o -lstdc++ -lm -lgcc_s -lgcc -lc -lgcc_s -lgcc /nix/store/2vwipws2crqcjxfzjyq9rjpk61iqf7pf-gcc-12.3.0/lib/gcc/x86_64-unknown-linux-gnu/12.3.0/crtend.o /nix/store/flf14c3ibr83jsa070j25hg5gjapydhl-glibc-2.37-8/lib/crtn.o]
    arg [/nix/store/2vwipws2crqcjxfzjyq9rjpk61iqf7pf-gcc-12.3.0/libexec/gcc/x86_64-unknown-linux-gnu/12.3.0/collect2] ==> ignore
    arg [-plugin] ==> ignore
    arg [/nix/store/2vwipws2crqcjxfzjyq9rjpk61iqf7pf-gcc-12.3.0/libexec/gcc/x86_64-unknown-linux-gnu/12.3.0/liblto_plugin.so] ==> ignore
    arg [-plugin-opt=/nix/store/2vwipws2crqcjxfzjyq9rjpk61iqf7pf-gcc-12.3.0/libexec/gcc/x86_64-unknown-linux-gnu/12.3.0/lto-wrapper] ==> ignore
    arg [-plugin-opt=-fresolution=/tmp/cceKakpL.res] ==> ignore
    arg [-plugin-opt=-pass-through=-lgcc_s] ==> ignore
    arg [-plugin-opt=-pass-through=-lgcc] ==> ignore
    arg [-plugin-opt=-pass-through=-lc] ==> ignore
    arg [-plugin-opt=-pass-through=-lgcc_s] ==> ignore
    arg [-plugin-opt=-pass-through=-lgcc] ==> ignore
    arg [--eh-frame-hdr] ==> ignore
    arg [-m] ==> ignore
    arg [elf_x86_64] ==> ignore
    arg [-dynamic-linker] ==> ignore
    arg [/nix/store/flf14c3ibr83jsa070j25hg5gjapydhl-glibc-2.37-8/lib64/ld-linux-x86-64.so.2] ==> ignore
    arg [-o] ==> ignore
    arg [cmTC_3743f] ==> ignore
    arg [/nix/store/flf14c3ibr83jsa070j25hg5gjapydhl-glibc-2.37-8/lib/crt1.o] ==> obj [/nix/store/flf14c3ibr83jsa070j25hg5gjapydhl-glibc-2.37-8/lib/crt1.o]
    arg [/nix/store/flf14c3ibr83jsa070j25hg5gjapydhl-glibc-2.37-8/lib/crti.o] ==> obj [/nix/store/flf14c3ibr83jsa070j25hg5gjapydhl-glibc-2.37-8/lib/crti.o]
    arg [/nix/store/2vwipws2crqcjxfzjyq9rjpk61iqf7pf-gcc-12.3.0/lib/gcc/x86_64-unknown-linux-gnu/12.3.0/crtbegin.o] ==> obj [/nix/store/2vwipws2crqcjxfzjyq9rjpk61iqf7pf-gcc-12.3.0/lib/gcc/x86_64-unknown-linux-gnu/12.3.0/crtbegin.o]
    arg [-L/nix/store/flf14c3ibr83jsa070j25hg5gjapydhl-glibc-2.37-8/lib] ==> dir [/nix/store/flf14c3ibr83jsa070j25hg5gjapydhl-glibc-2.37-8/lib]
    arg [-L/nix/store/2vwipws2crqcjxfzjyq9rjpk61iqf7pf-gcc-12.3.0/lib/gcc/x86_64-unknown-linux-gnu/12.3.0] ==> dir [/nix/store/2vwipws2crqcjxfzjyq9rjpk61iqf7pf-gcc-12.3.0/lib/gcc/x86_64-unknown-linux-gnu/12.3.0]
    arg [-L/nix/store/n7pvb7gdf1g6dvj7sl92i882qjl4kyx9-gcc-12.3.0-lib/x86_64-unknown-linux-gnu/lib] ==> dir [/nix/store/n7pvb7gdf1g6dvj7sl92i882qjl4kyx9-gcc-12.3.0-lib/x86_64-unknown-linux-gnu/lib]
    arg [-L/nix/store/n7pvb7gdf1g6dvj7sl92i882qjl4kyx9-gcc-12.3.0-lib/lib] ==> dir [/nix/store/n7pvb7gdf1g6dvj7sl92i882qjl4kyx9-gcc-12.3.0-lib/lib]
    arg [-L/nix/store/flf14c3ibr83jsa070j25hg5gjapydhl-glibc-2.37-8/lib] ==> dir [/nix/store/flf14c3ibr83jsa070j25hg5gjapydhl-glibc-2.37-8/lib]
    arg [-L/nix/store/n7pvb7gdf1g6dvj7sl92i882qjl4kyx9-gcc-12.3.0-lib/lib] ==> dir [/nix/store/n7pvb7gdf1g6dvj7sl92i882qjl4kyx9-gcc-12.3.0-lib/lib]
    arg [-L/nix/store/frxg2hvacachpkv3ywdpmfl5pl2yg5y6-gcc-wrapper-12.3.0/bin] ==> dir [/nix/store/frxg2hvacachpkv3ywdpmfl5pl2yg5y6-gcc-wrapper-12.3.0/bin]
    arg [-L/nix/store/2vwipws2crqcjxfzjyq9rjpk61iqf7pf-gcc-12.3.0/lib/gcc/x86_64-unknown-linux-gnu/12.3.0] ==> dir [/nix/store/2vwipws2crqcjxfzjyq9rjpk61iqf7pf-gcc-12.3.0/lib/gcc/x86_64-unknown-linux-gnu/12.3.0]
    arg [-L/nix/store/2vwipws2crqcjxfzjyq9rjpk61iqf7pf-gcc-12.3.0/lib/gcc/x86_64-unknown-linux-gnu/12.3.0/../../../../lib64] ==> dir [/nix/store/2vwipws2crqcjxfzjyq9rjpk61iqf7pf-gcc-12.3.0/lib/gcc/x86_64-unknown-linux-gnu/12.3.0/../../../../lib64]
    arg [-L/nix/store/2vwipws2crqcjxfzjyq9rjpk61iqf7pf-gcc-12.3.0/lib/gcc/x86_64-unknown-linux-gnu/12.3.0/../../..] ==> dir [/nix/store/2vwipws2crqcjxfzjyq9rjpk61iqf7pf-gcc-12.3.0/lib/gcc/x86_64-unknown-linux-gnu/12.3.0/../../..]
    arg [-dynamic-linker=/nix/store/flf14c3ibr83jsa070j25hg5gjapydhl-glibc-2.37-8/lib/ld-linux-x86-64.so.2] ==> ignore
    arg [CMakeFiles/cmTC_3743f.dir/CMakeCXXCompilerABI.cpp.o] ==> ignore
    arg [-lstdc++] ==> lib [stdc++]
    arg [-lm] ==> lib [m]
    arg [-lgcc_s] ==> lib [gcc_s]
    arg [-lgcc] ==> lib [gcc]
    arg [-lc] ==> lib [c]
    arg [-lgcc_s] ==> lib [gcc_s]
    arg [-lgcc] ==> lib [gcc]
    arg [/nix/store/2vwipws2crqcjxfzjyq9rjpk61iqf7pf-gcc-12.3.0/lib/gcc/x86_64-unknown-linux-gnu/12.3.0/crtend.o] ==> obj [/nix/store/2vwipws2crqcjxfzjyq9rjpk61iqf7pf-gcc-12.3.0/lib/gcc/x86_64-unknown-linux-gnu/12.3.0/crtend.o]
    arg [/nix/store/flf14c3ibr83jsa070j25hg5gjapydhl-glibc-2.37-8/lib/crtn.o] ==> obj [/nix/store/flf14c3ibr83jsa070j25hg5gjapydhl-glibc-2.37-8/lib/crtn.o]
  collapse library dir [/nix/store/flf14c3ibr83jsa070j25hg5gjapydhl-glibc-2.37-8/lib] ==> [/nix/store/flf14c3ibr83jsa070j25hg5gjapydhl-glibc-2.37-8/lib]
  collapse library dir [/nix/store/2vwipws2crqcjxfzjyq9rjpk61iqf7pf-gcc-12.3.0/lib/gcc/x86_64-unknown-linux-gnu/12.3.0] ==> [/nix/store/2vwipws2crqcjxfzjyq9rjpk61iqf7pf-gcc-12.3.0/lib/gcc/x86_64-unknown-linux-gnu/12.3.0]
  collapse library dir [/nix/store/n7pvb7gdf1g6dvj7sl92i882qjl4kyx9-gcc-12.3.0-lib/x86_64-unknown-linux-gnu/lib] ==> [/nix/store/n7pvb7gdf1g6dvj7sl92i882qjl4kyx9-gcc-12.3.0-lib/x86_64-unknown-linux-gnu/lib]
  collapse library dir [/nix/store/n7pvb7gdf1g6dvj7sl92i882qjl4kyx9-gcc-12.3.0-lib/lib] ==> [/nix/store/n7pvb7gdf1g6dvj7sl92i882qjl4kyx9-gcc-12.3.0-lib/lib]
  collapse library dir [/nix/store/flf14c3ibr83jsa070j25hg5gjapydhl-glibc-2.37-8/lib] ==> [/nix/store/flf14c3ibr83jsa070j25hg5gjapydhl-glibc-2.37-8/lib]
  collapse library dir [/nix/store/n7pvb7gdf1g6dvj7sl92i882qjl4kyx9-gcc-12.3.0-lib/lib] ==> [/nix/store/n7pvb7gdf1g6dvj7sl92i882qjl4kyx9-gcc-12.3.0-lib/lib]
  collapse library dir [/nix/store/frxg2hvacachpkv3ywdpmfl5pl2yg5y6-gcc-wrapper-12.3.0/bin] ==> [/nix/store/frxg2hvacachpkv3ywdpmfl5pl2yg5y6-gcc-wrapper-12.3.0/bin]
  collapse library dir [/nix/store/2vwipws2crqcjxfzjyq9rjpk61iqf7pf-gcc-12.3.0/lib/gcc/x86_64-unknown-linux-gnu/12.3.0] ==> [/nix/store/2vwipws2crqcjxfzjyq9rjpk61iqf7pf-gcc-12.3.0/lib/gcc/x86_64-unknown-linux-gnu/12.3.0]
  collapse library dir [/nix/store/2vwipws2crqcjxfzjyq9rjpk61iqf7pf-gcc-12.3.0/lib/gcc/x86_64-unknown-linux-gnu/12.3.0/../../../../lib64] ==> [/nix/store/2vwipws2crqcjxfzjyq9rjpk61iqf7pf-gcc-12.3.0/lib64]
  collapse library dir [/nix/store/2vwipws2crqcjxfzjyq9rjpk61iqf7pf-gcc-12.3.0/lib/gcc/x86_64-unknown-linux-gnu/12.3.0/../../..] ==> [/nix/store/2vwipws2crqcjxfzjyq9rjpk61iqf7pf-gcc-12.3.0/lib]
  implicit libs: [stdc++;m;gcc_s;gcc;c;gcc_s;gcc]
  implicit objs: [/nix/store/flf14c3ibr83jsa070j25hg5gjapydhl-glibc-2.37-8/lib/crt1.o;/nix/store/flf14c3ibr83jsa070j25hg5gjapydhl-glibc-2.37-8/lib/crti.o;/nix/store/2vwipws2crqcjxfzjyq9rjpk61iqf7pf-gcc-12.3.0/lib/gcc/x86_64-unknown-linux-gnu/12.3.0/crtbegin.o;/nix/store/2vwipws2crqcjxfzjyq9rjpk61iqf7pf-gcc-12.3.0/lib/gcc/x86_64-unknown-linux-gnu/12.3.0/crtend.o;/nix/store/flf14c3ibr83jsa070j25hg5gjapydhl-glibc-2.37-8/lib/crtn.o]
  implicit dirs: [/nix/store/flf14c3ibr83jsa070j25hg5gjapydhl-glibc-2.37-8/lib;/nix/store/2vwipws2crqcjxfzjyq9rjpk61iqf7pf-gcc-12.3.0/lib/gcc/x86_64-unknown-linux-gnu/12.3.0;/nix/store/n7pvb7gdf1g6dvj7sl92i882qjl4kyx9-gcc-12.3.0-lib/x86_64-unknown-linux-gnu/lib;/nix/store/n7pvb7gdf1g6dvj7sl92i882qjl4kyx9-gcc-12.3.0-lib/lib;/nix/store/frxg2hvacachpkv3ywdpmfl5pl2yg5y6-gcc-wrapper-12.3.0/bin;/nix/store/2vwipws2crqcjxfzjyq9rjpk61iqf7pf-gcc-12.3.0/lib64;/nix/store/2vwipws2crqcjxfzjyq9rjpk61iqf7pf-gcc-12.3.0/lib]
  implicit fwks: []


